Finished 0/56 files
Finished 1/56 files
Finished 2/56 files
Finished 3/56 files
Finished 4/56 files
Finished 5/56 files
Finished 6/56 files
Finished 7/56 files
Finished 8/56 files
Finished 9/56 files
Finished 10/56 files
Finished 11/56 files
Finished 12/56 files
Finished 13/56 files
Finished 14/56 files
Finished 15/56 files
Finished 16/56 files
Finished 17/56 files
Finished 18/56 files
Finished 19/56 files
Finished 20/56 files
Finished 21/56 files
Finished 22/56 files
Finished 23/56 files
Finished 24/56 files
Finished 25/56 files
Finished 26/56 files
Finished 27/56 files
Finished 28/56 files
Finished 29/56 files
Finished 30/56 files
Finished 31/56 files
Finished 32/56 files
Finished 33/56 files
Finished 34/56 files
Finished 35/56 files
Finished 36/56 files
Finished 37/56 files
Finished 38/56 files
Finished 39/56 files
Finished 40/56 files
Finished 41/56 files
Finished 42/56 files
Finished 43/56 files
Finished 44/56 files
Finished 45/56 files
Finished 46/56 files
Finished 47/56 files
Finished 48/56 files
Finished 49/56 files
Finished 50/56 files
Finished 51/56 files
Finished 52/56 files
Finished 53/56 files
Finished 54/56 files
Finished 55/56 files
==================================================
completed 07 - Alarulu - Sankarabharanam.mp3
==================================================
Finished 0/232 files
Finished 1/232 files
Finished 2/232 files
Finished 3/232 files
Finished 4/232 files
Finished 5/232 files
Finished 6/232 files
Finished 7/232 files
Finished 8/232 files
Finished 9/232 files
Finished 10/232 files
Finished 11/232 files
Finished 12/232 files
Finished 13/232 files
Finished 14/232 files
Finished 15/232 files
Finished 16/232 files
Finished 17/232 files
Finished 18/232 files
Finished 19/232 files
Finished 20/232 files
Finished 21/232 files
Finished 22/232 files
Finished 23/232 files
Finished 24/232 files
Finished 25/232 files
Finished 26/232 files
Finished 27/232 files
Finished 28/232 files
Finished 29/232 files
Finished 30/232 files
Finished 31/232 files
Finished 32/232 files
Finished 33/232 files
Finished 34/232 files
Finished 35/232 files
Finished 36/232 files
Finished 37/232 files
Finished 38/232 files
Finished 39/232 files
Finished 40/232 files
Finished 41/232 files
Finished 42/232 files
Finished 43/232 files
Finished 44/232 files
Finished 45/232 files
Finished 46/232 files
Finished 47/232 files
Finished 48/232 files
Finished 49/232 files
Finished 50/232 files
Finished 51/232 files
Finished 52/232 files
Finished 53/232 files
Finished 54/232 files
Finished 55/232 files
Finished 56/232 files
Finished 57/232 files
Finished 58/232 files
Finished 59/232 files
Finished 60/232 files
Finished 61/232 files
Finished 62/232 files
Finished 63/232 files
Finished 64/232 files
Finished 65/232 files
Finished 66/232 files
Finished 67/232 files
Finished 68/232 files
Finished 69/232 files
Finished 70/232 files
Finished 71/232 files
Finished 72/232 files
Finished 73/232 files
Finished 74/232 files
Finished 75/232 files
Finished 76/232 files
Finished 77/232 files
Finished 78/232 files
Finished 79/232 files
Finished 80/232 files
Finished 81/232 files
Finished 82/232 files
Finished 83/232 files
Finished 84/232 files
Finished 85/232 files
Finished 86/232 files
Finished 87/232 files
Finished 88/232 files
Finished 89/232 files
Finished 90/232 files
Finished 91/232 files
Finished 92/232 files
Finished 93/232 files
Finished 94/232 files
Finished 95/232 files
Finished 96/232 files
Finished 97/232 files
Finished 98/232 files
Finished 99/232 files
Finished 100/232 files
Finished 101/232 files
Finished 102/232 files
Finished 103/232 files
Finished 104/232 files
Finished 105/232 files
Finished 106/232 files
Finished 107/232 files
Finished 108/232 files
Finished 109/232 files
Finished 110/232 files
Finished 111/232 files
Finished 112/232 files
Finished 113/232 files
Finished 114/232 files
Finished 115/232 files
Finished 116/232 files
Finished 117/232 files
Finished 118/232 files
Finished 119/232 files
Finished 120/232 files
Finished 121/232 files
Finished 122/232 files
Finished 123/232 files
Finished 124/232 files
Finished 125/232 files
Finished 126/232 files
Finished 127/232 files
Finished 128/232 files
Finished 129/232 files
Finished 130/232 files
Finished 131/232 files
Finished 132/232 files
Finished 133/232 files
Finished 134/232 files
Finished 135/232 files
Finished 136/232 files
Finished 137/232 files
Finished 138/232 files
Finished 139/232 files
Finished 140/232 files
Finished 141/232 files
Finished 142/232 files
Finished 143/232 files
Finished 144/232 files
Finished 145/232 files
Finished 146/232 files
Finished 147/232 files
Finished 148/232 files
Finished 149/232 files
Finished 150/232 files
Finished 151/232 files
Finished 152/232 files
Finished 153/232 files
Finished 154/232 files
Finished 155/232 files
Finished 156/232 files
Finished 157/232 files
Finished 158/232 files
Finished 159/232 files
Finished 160/232 files
Finished 161/232 files
Finished 162/232 files
Finished 163/232 files
Finished 164/232 files
Finished 165/232 files
Finished 166/232 files
Finished 167/232 files
Finished 168/232 files
Finished 169/232 files
Finished 170/232 files
Finished 171/232 files
Finished 172/232 files
Finished 173/232 files
Finished 174/232 files
Finished 175/232 files
Finished 176/232 files
Finished 177/232 files
Finished 178/232 files
Finished 179/232 files
Finished 180/232 files
Finished 181/232 files
Finished 182/232 files
Finished 183/232 files
Finished 184/232 files
Finished 185/232 files
Finished 186/232 files
Finished 187/232 files
Finished 188/232 files
Finished 189/232 files
Finished 190/232 files
Finished 191/232 files
Finished 192/232 files
Finished 193/232 files
Finished 194/232 files
Finished 195/232 files
Finished 196/232 files
Finished 197/232 files
Finished 198/232 files
Finished 199/232 files
Finished 200/232 files
Finished 201/232 files
Finished 202/232 files
Finished 203/232 files
Finished 204/232 files
Finished 205/232 files
Finished 206/232 files
Finished 207/232 files
Finished 208/232 files
Finished 209/232 files
Finished 210/232 files
Finished 211/232 files
Finished 212/232 files
Finished 213/232 files
Finished 214/232 files
Finished 215/232 files
Finished 216/232 files
Finished 217/232 files
Finished 218/232 files
Finished 219/232 files
Finished 220/232 files
Finished 221/232 files
Finished 222/232 files
Finished 223/232 files
Finished 224/232 files
Finished 225/232 files
Finished 226/232 files
Finished 227/232 files
Finished 228/232 files
Finished 229/232 files
Finished 230/232 files
Finished 231/232 files
==================================================
completed 06 - Manasu Swadheena - Sankarabharanam.mp3
==================================================
Finished 0/33 files
Finished 1/33 files
Finished 2/33 files
Finished 3/33 files
Finished 4/33 files
Finished 5/33 files
Finished 6/33 files
Finished 7/33 files
Finished 8/33 files
Finished 9/33 files
Finished 10/33 files
Finished 11/33 files
Finished 12/33 files
Finished 13/33 files
Finished 14/33 files
Finished 15/33 files
Finished 16/33 files
Finished 17/33 files
Finished 18/33 files
Finished 19/33 files
Finished 20/33 files
Finished 21/33 files
Finished 22/33 files
Finished 23/33 files
Finished 24/33 files
Finished 25/33 files
Finished 26/33 files
Finished 27/33 files
Finished 28/33 files
Finished 29/33 files
Finished 30/33 files
Finished 31/33 files
Finished 32/33 files
==================================================
completed 03 - Alarulu - Sankarabharanam.mp3
==================================================
Finished 0/14 files
Finished 1/14 files
Finished 2/14 files
Finished 3/14 files
Finished 4/14 files
Finished 5/14 files
Finished 6/14 files
Finished 7/14 files
Finished 8/14 files
Finished 9/14 files
Finished 10/14 files
Finished 11/14 files
Finished 12/14 files
Finished 13/14 files
==================================================
completed 06 - Pullum Silabina Kaan - Sankarabharanam.mp3
==================================================
Finished 0/31 files
Finished 1/31 files
Finished 2/31 files
Finished 3/31 files
Finished 4/31 files
Finished 5/31 files
Finished 6/31 files
Finished 7/31 files
Finished 8/31 files
Finished 9/31 files
Finished 10/31 files
Finished 11/31 files
Finished 12/31 files
Finished 13/31 files
Finished 14/31 files
Finished 15/31 files
Finished 16/31 files
Finished 17/31 files
Finished 18/31 files
Finished 19/31 files
Finished 20/31 files
Finished 21/31 files
Finished 22/31 files
Finished 23/31 files
Finished 24/31 files
Finished 25/31 files
Finished 26/31 files
Finished 27/31 files
Finished 28/31 files
Finished 29/31 files
Finished 30/31 files
==================================================
completed 05 - Tillana - Sankarabharanam.mp3
==================================================
Finished 0/142 files
Finished 1/142 files
Finished 2/142 files
Finished 3/142 files
Finished 4/142 files
Finished 5/142 files
Finished 6/142 files
Finished 7/142 files
Finished 8/142 files
Finished 9/142 files
Finished 10/142 files
Finished 11/142 files
Finished 12/142 files
Finished 13/142 files
Finished 14/142 files
Finished 15/142 files
Finished 16/142 files
Finished 17/142 files
Finished 18/142 files
Finished 19/142 files
Finished 20/142 files
Finished 21/142 files
Finished 22/142 files
Finished 23/142 files
Finished 24/142 files
Finished 25/142 files
Finished 26/142 files
Finished 27/142 files
Finished 28/142 files
Finished 29/142 files
Finished 30/142 files
Finished 31/142 files
Finished 32/142 files
Finished 33/142 files
Finished 34/142 files
Finished 35/142 files
Finished 36/142 files
Finished 37/142 files
Finished 38/142 files
Finished 39/142 files
Finished 40/142 files
Finished 41/142 files
Finished 42/142 files
Finished 43/142 files
Finished 44/142 files
Finished 45/142 files
Finished 46/142 files
Finished 47/142 files
Finished 48/142 files
Finished 49/142 files
Finished 50/142 files
Finished 51/142 files
Finished 52/142 files
Finished 53/142 files
Finished 54/142 files
Finished 55/142 files
Finished 56/142 files
Finished 57/142 files
Finished 58/142 files
Finished 59/142 files
Finished 60/142 files
Finished 61/142 files
Finished 62/142 files
Finished 63/142 files
Finished 64/142 files
Finished 65/142 files
Finished 66/142 files
Finished 67/142 files
Finished 68/142 files
Finished 69/142 files
Finished 70/142 files
Finished 71/142 files
Finished 72/142 files
Finished 73/142 files
Finished 74/142 files
Finished 75/142 files
Finished 76/142 files
Finished 77/142 files
Finished 78/142 files
Finished 79/142 files
Finished 80/142 files
Finished 81/142 files
Finished 82/142 files
Finished 83/142 files
Finished 84/142 files
Finished 85/142 files
Finished 86/142 files
Finished 87/142 files
Finished 88/142 files
Finished 89/142 files
Finished 90/142 files
Finished 91/142 files
Finished 92/142 files
Finished 93/142 files
Finished 94/142 files
Finished 95/142 files
Finished 96/142 files
Finished 97/142 files
Finished 98/142 files
Finished 99/142 files
Finished 100/142 files
Finished 101/142 files
Finished 102/142 files
Finished 103/142 files
Finished 104/142 files
Finished 105/142 files
Finished 106/142 files
Finished 107/142 files
Finished 108/142 files
Finished 109/142 files
Finished 110/142 files
Finished 111/142 files
Finished 112/142 files
Finished 113/142 files
Finished 114/142 files
Finished 115/142 files
Finished 116/142 files
Finished 117/142 files
Finished 118/142 files
Finished 119/142 files
Finished 120/142 files
Finished 121/142 files
Finished 122/142 files
Finished 123/142 files
Finished 124/142 files
Finished 125/142 files
Finished 126/142 files
Finished 127/142 files
Finished 128/142 files
Finished 129/142 files
Finished 130/142 files
Finished 131/142 files
Finished 132/142 files
Finished 133/142 files
Finished 134/142 files
Finished 135/142 files
Finished 136/142 files
Finished 137/142 files
Finished 138/142 files
Finished 139/142 files
Finished 140/142 files
Finished 141/142 files
==================================================
completed 01 - Swara Raaga Sudha - Sankarabharanam.mp3
==================================================
Finished 0/262 files
Finished 1/262 files
Finished 2/262 files
Finished 3/262 files
Finished 4/262 files
Finished 5/262 files
Finished 6/262 files
Finished 7/262 files
Finished 8/262 files
Finished 9/262 files
Finished 10/262 files
Finished 11/262 files
Finished 12/262 files
Finished 13/262 files
Finished 14/262 files
Finished 15/262 files
Finished 16/262 files
Finished 17/262 files
Finished 18/262 files
Finished 19/262 files
Finished 20/262 files
Finished 21/262 files
Finished 22/262 files
Finished 23/262 files
Finished 24/262 files
Finished 25/262 files
Finished 26/262 files
Finished 27/262 files
Finished 28/262 files
Finished 29/262 files
Finished 30/262 files
Finished 31/262 files
Finished 32/262 files
Finished 33/262 files
Finished 34/262 files
Finished 35/262 files
Finished 36/262 files
Finished 37/262 files
Finished 38/262 files
Finished 39/262 files
Finished 40/262 files
Finished 41/262 files
Finished 42/262 files
Finished 43/262 files
Finished 44/262 files
Finished 45/262 files
Finished 46/262 files
Finished 47/262 files
Finished 48/262 files
Finished 49/262 files
Finished 50/262 files
Finished 51/262 files
Finished 52/262 files
Finished 53/262 files
Finished 54/262 files
Finished 55/262 files
Finished 56/262 files
Finished 57/262 files
Finished 58/262 files
Finished 59/262 files
Finished 60/262 files
Finished 61/262 files
Finished 62/262 files
Finished 63/262 files
Finished 64/262 files
Finished 65/262 files
Finished 66/262 files
Finished 67/262 files
Finished 68/262 files
Finished 69/262 files
Finished 70/262 files
Finished 71/262 files
Finished 72/262 files
Finished 73/262 files
Finished 74/262 files
Finished 75/262 files
Finished 76/262 files
Finished 77/262 files
Finished 78/262 files
Finished 79/262 files
Finished 80/262 files
Finished 81/262 files
Finished 82/262 files
Finished 83/262 files
Finished 84/262 files
Finished 85/262 files
Finished 86/262 files
Finished 87/262 files
Finished 88/262 files
Finished 89/262 files
Finished 90/262 files
Finished 91/262 files
Finished 92/262 files
Finished 93/262 files
Finished 94/262 files
Finished 95/262 files
Finished 96/262 files
Finished 97/262 files
Finished 98/262 files
Finished 99/262 files
Finished 100/262 files
Finished 101/262 files
Finished 102/262 files
Finished 103/262 files
Finished 104/262 files
Finished 105/262 files
Finished 106/262 files
Finished 107/262 files
Finished 108/262 files
Finished 109/262 files
Finished 110/262 files
Finished 111/262 files
Finished 112/262 files
Finished 113/262 files
Finished 114/262 files
Finished 115/262 files
Finished 116/262 files
Finished 117/262 files
Finished 118/262 files
Finished 119/262 files
Finished 120/262 files
Finished 121/262 files
Finished 122/262 files
Finished 123/262 files
Finished 124/262 files
Finished 125/262 files
Finished 126/262 files
Finished 127/262 files
Finished 128/262 files
Finished 129/262 files
Finished 130/262 files
Finished 131/262 files
Finished 132/262 files
Finished 133/262 files
Finished 134/262 files
Finished 135/262 files
Finished 136/262 files
Finished 137/262 files
Finished 138/262 files
Finished 139/262 files
Finished 140/262 files
Finished 141/262 files
Finished 142/262 files
Finished 143/262 files
Finished 144/262 files
Finished 145/262 files
Finished 146/262 files
Finished 147/262 files
Finished 148/262 files
Finished 149/262 files
Finished 150/262 files
Finished 151/262 files
Finished 152/262 files
Finished 153/262 files
Finished 154/262 files
Finished 155/262 files
Finished 156/262 files
Finished 157/262 files
Finished 158/262 files
Finished 159/262 files
Finished 160/262 files
Finished 161/262 files
Finished 162/262 files
Finished 163/262 files
Finished 164/262 files
Finished 165/262 files
Finished 166/262 files
Finished 167/262 files
Finished 168/262 files
Finished 169/262 files
Finished 170/262 files
Finished 171/262 files
Finished 172/262 files
Finished 173/262 files
Finished 174/262 files
Finished 175/262 files
Finished 176/262 files
Finished 177/262 files
Finished 178/262 files
Finished 179/262 files
Finished 180/262 files
Finished 181/262 files
Finished 182/262 files
Finished 183/262 files
Finished 184/262 files
Finished 185/262 files
Finished 186/262 files
Finished 187/262 files
Finished 188/262 files
Finished 189/262 files
Finished 190/262 files
Finished 191/262 files
Finished 192/262 files
Finished 193/262 files