DEBUG
{'Gaṁbhīra nāṭa': 34, 'Dhanaśrī': 45, 'Sucaritra': 93, 'Hindōḷaṁ': 40, 'Āhiri': 67, 'Rasikapriya': 84, 'Saurāṣtraṁ': 22, 'Rītigauḷa': 32, 'Jaganmōhini': 65, 'Mandāri': 80, 'Karṇāṭaka dēvagāndhāri': 81, 'Kuntalavarāḷi': 66, 'Tōḍi': 2, 'Behāg': 4, 'Kāpi': 15, 'Dvijāvanti': 12, 'Maṇirangu': 43, 'Kalyāṇi': 10, 'Nāṭakapriya': 83, 'Pūrvīkaḷyāṇi': 47, 'Lalita': 8, 'Pahāḍi': 64, 'Mārgahindōḷaṁ': 26, 'Nīlāṁbari': 95, 'Bāgēśrī': 87, 'Ānandabhairavi': 89, 'Haṁsānandi': 3, 'Śrīranjani': 57, 'Yamuna kalyāṇi': 88, 'Śudda sāvēri': 16, 'Sāvēri': 27, 'Jōnpuri': 42, 'Bahudāri': 76, 'Janaranjani': 17, 'Sencuruṭṭi': 0, 'Mōhanaṁ': 54, 'Vasanta': 77, 'Karaharapriya': 29, 'Ranjani': 13, 'Puṇṇāgavarāḷi': 79, 'Sarasvatī manōhari': 44, 'Mānḍu': 85, 'Latāngi': 51, 'Sāranga': 18, 'Simhēndra madhyamaṁ': 39, 'Kāṁbhōji': 62, 'Kalgaḍa': 52, 'Nādanāmakriya': 5, 'Pūrṇacandrika': 24, 'Vakuḷābharaṇaṁ': 94, 'Sāma': 71, 'Varāḷi': 50, 'Hamsadhvani': 20, 'Sindhumandāri': 33, 'Lalita pancamaṁ': 60, 'Cakravākaṁ': 91, 'Śrī': 92, 'Gauḷa': 75, 'Kēdāragauḷa': 82, 'Bhūṣāvaḷi': 14, 'Gamakakriyā': 74, 'Kamās': 9, 'Dēś': 48, 'Ṣanmukhapriya': 19, 'Amṛtavarṣiṇi': 36, 'Bṛndāvana sāranga': 73, 'Sindhubhairavi': 21, 'Bēgaḍa': 25, 'Pāḍi': 31, 'Ābhōgi': 1, 'Kānaḍa': 35, 'Hussēnī': 58, 'Bhairavi': 37, 'Kalāvati': 23, 'Nāṭa': 55, 'Sālaga bhairavi': 49, 'Madhyamāvati': 72, 'Dēvagāndhāri': 78, 'Kedāraṁ': 28, 'Kumudakriyā': 69, 'Navrōj': 61, 'Tanarūpi': 86, 'Rāgamālika': 7, 'Vāgadīśvari': 56, 'Cittaranjani': 68, 'Sahānā': 30, 'Śuddadhanyāsi': 38, 'Śankarābharaṇaṁ': 59, 'Sārāmati': 41, 'Kāmavardani/Pantuvarāḷi': 53, 'Kathanakutūhalaṁ': 70, 'Harikāmbhōji': 46, 'Hamīr kaḷyaṇi': 63, 'Dhanyāsi': 90, 'Suraṭi': 6, 'Tillāng': 11}
Finished 0/132300 files
Finished 1/132300 files
Finished 2/132300 files
Finished 3/132300 files
Finished 4/132300 files
Finished 5/132300 files
Finished 6/132300 files
Finished 7/132300 files
Finished 8/132300 files
Finished 9/132300 files
Finished 10/132300 files
Finished 11/132300 files
Finished 12/132300 files
Finished 13/132300 files
Finished 14/132300 files
Finished 15/132300 files
Finished 16/132300 files
Finished 17/132300 files
Finished 18/132300 files
Finished 19/132300 files
Finished 20/132300 files
Finished 21/132300 files
Finished 22/132300 files
Finished 23/132300 files
Finished 24/132300 files
Finished 25/132300 files
Finished 26/132300 files
Finished 27/132300 files
Finished 28/132300 files
Finished 29/132300 files
Finished 30/132300 files
Finished 31/132300 files
Finished 32/132300 files
Finished 33/132300 files
Finished 34/132300 files
Finished 35/132300 files
Finished 36/132300 files
Finished 37/132300 files
Finished 38/132300 files
Finished 39/132300 files
Finished 40/132300 files
Finished 41/132300 files
Finished 42/132300 files
Finished 43/132300 files
Finished 44/132300 files
Finished 45/132300 files
Finished 46/132300 files
Finished 47/132300 files
Finished 48/132300 files
Finished 49/132300 files
Finished 50/132300 files
Finished 51/132300 files
Finished 52/132300 files
Finished 53/132300 files
Finished 54/132300 files
Finished 55/132300 files
Finished 56/132300 files
Finished 57/132300 files
Finished 58/132300 files
Finished 59/132300 files
Finished 60/132300 files
Finished 61/132300 files
Finished 62/132300 files
Finished 63/132300 files
Finished 64/132300 files
Finished 65/132300 files
Finished 66/132300 files
Finished 67/132300 files
Finished 68/132300 files
Finished 69/132300 files
Finished 70/132300 files
Finished 71/132300 files
Finished 72/132300 files
Finished 73/132300 files
Finished 74/132300 files
Finished 75/132300 files
Finished 76/132300 files
Finished 77/132300 files
Finished 78/132300 files
Finished 79/132300 files
Finished 80/132300 files
Finished 81/132300 files
Finished 82/132300 files
Finished 83/132300 files
Finished 84/132300 files
Finished 85/132300 files
Finished 86/132300 files
Finished 87/132300 files
Finished 88/132300 files
Finished 89/132300 files
Finished 90/132300 files
Finished 91/132300 files
Finished 92/132300 files
Finished 93/132300 files
Finished 94/132300 files
Finished 95/132300 files
Finished 96/132300 files
Finished 97/132300 files
Finished 98/132300 files
Finished 99/132300 files
Finished 100/132300 files
Finished 101/132300 files
Finished 102/132300 files
Finished 103/132300 files
Finished 104/132300 files
Finished 105/132300 files
Finished 106/132300 files
Finished 107/132300 files
Finished 108/132300 files
Finished 109/132300 files
Finished 110/132300 files
Finished 111/132300 files
Finished 112/132300 files
Finished 113/132300 files
Finished 114/132300 files
Finished 115/132300 files
Finished 116/132300 files
Finished 117/132300 files
Finished 118/132300 files
Finished 119/132300 files
Finished 120/132300 files
Finished 121/132300 files
Finished 122/132300 files
Finished 123/132300 files
Finished 124/132300 files
Finished 125/132300 files
Finished 126/132300 files
Finished 127/132300 files
Finished 128/132300 files
Finished 129/132300 files
Finished 130/132300 files
Finished 131/132300 files
Finished 132/132300 files
Finished 133/132300 files
Finished 134/132300 files
Finished 135/132300 files
Finished 136/132300 files
Finished 137/132300 files
Finished 138/132300 files
Finished 139/132300 files
Finished 140/132300 files
Finished 141/132300 files
Finished 142/132300 files
Finished 143/132300 files
Finished 144/132300 files
Finished 145/132300 files
Finished 146/132300 files
Finished 147/132300 files
Finished 148/132300 files
Finished 149/132300 files
Finished 150/132300 files
Finished 151/132300 files
Finished 152/132300 files
Finished 153/132300 files
Finished 154/132300 files
Finished 155/132300 files
Finished 156/132300 files
Finished 157/132300 files
Finished 158/132300 files
Finished 159/132300 files
Finished 160/132300 files
Finished 161/132300 files
Finished 162/132300 files
Finished 163/132300 files
Finished 164/132300 files
Finished 165/132300 files
Finished 166/132300 files
Finished 167/132300 files
Finished 168/132300 files
Finished 169/132300 files
Finished 170/132300 files
Finished 171/132300 files
Finished 172/132300 files
Finished 173/132300 files
Finished 174/132300 files
Finished 175/132300 files
Finished 176/132300 files
Finished 177/132300 files
Finished 178/132300 files
Finished 179/132300 files
Finished 180/132300 files
Finished 181/132300 files
Finished 182/132300 files
Finished 183/132300 files
Finished 184/132300 files
Finished 185/132300 files
Finished 186/132300 files
Finished 187/132300 files
Finished 188/132300 files
Finished 189/132300 files
Finished 190/132300 files
Finished 191/132300 files
Finished 192/132300 files
Finished 193/132300 files
Finished 194/132300 files
Finished 195/132300 files
Finished 196/132300 files
Finished 197/132300 files
Finished 198/132300 files
Finished 199/132300 files
Finished 200/132300 files
Finished 201/132300 files
Finished 202/132300 files
Finished 203/132300 files
Finished 204/132300 files
Finished 205/132300 files
Finished 206/132300 files
Finished 207/132300 files
Finished 208/132300 files
Finished 209/132300 files
Finished 210/132300 files
Finished 211/132300 files
Finished 212/132300 files
Finished 213/132300 files
Finished 214/132300 files
Finished 215/132300 files
Finished 216/132300 files
Finished 217/132300 files
Finished 218/132300 files
Finished 219/132300 files
Finished 220/132300 files
Finished 221/132300 files
Finished 222/132300 files
Finished 223/132300 files
Finished 224/132300 files
Finished 225/132300 files
Finished 226/132300 files
Finished 227/132300 files
Finished 228/132300 files
Finished 229/132300 files
Finished 230/132300 files
Finished 231/132300 files
Finished 232/132300 files
Finished 233/132300 files
Finished 234/132300 files
Finished 235/132300 files
Finished 236/132300 files
Finished 237/132300 files
Finished 238/132300 files
Finished 239/132300 files
Finished 240/132300 files
Finished 241/132300 files
Finished 242/132300 files
Finished 243/132300 files
Finished 244/132300 files
Finished 245/132300 files
Finished 246/132300 files
Finished 247/132300 files
Finished 248/132300 files
Finished 249/132300 files
Finished 250/132300 files
Finished 251/132300 files
Finished 252/132300 files
Finished 253/132300 files
Finished 254/132300 files
Finished 255/132300 files
Finished 256/132300 files
Finished 257/132300 files
Finished 258/132300 files
Finished 259/132300 files
Finished 260/132300 files
Finished 261/132300 files
Finished 262/132300 files
Finished 263/132300 files
Finished 264/132300 files
Finished 265/132300 files
Finished 266/132300 files
Finished 267/132300 files
Finished 268/132300 files
Finished 269/132300 files
Finished 270/132300 files
Finished 271/132300 files
Finished 272/132300 files
Finished 273/132300 files
Finished 274/132300 files
Finished 275/132300 files
Finished 276/132300 files
Finished 277/132300 files
Finished 278/132300 files
Finished 279/132300 files
Finished 280/132300 files
Finished 281/132300 files
Finished 282/132300 files
Finished 283/132300 files
Finished 284/132300 files
Finished 285/132300 files
Finished 286/132300 files
Finished 287/132300 files
Finished 288/132300 files
Finished 289/132300 files
Finished 290/132300 files
Finished 291/132300 files
Finished 292/132300 files
Finished 293/132300 files
Finished 294/132300 files
Finished 295/132300 files
Finished 296/132300 files
Finished 297/132300 files
Finished 298/132300 files
Finished 299/132300 files
Finished 300/132300 files
Finished 301/132300 files
Finished 302/132300 files
Finished 303/132300 files
Finished 304/132300 files
Finished 305/132300 files
Finished 306/132300 files
Finished 307/132300 files
Finished 308/132300 files
Finished 309/132300 files
Finished 310/132300 files
Finished 311/132300 files
Finished 312/132300 files
Finished 313/132300 files
Finished 314/132300 files
Finished 315/132300 files
Finished 316/132300 files
Finished 317/132300 files
Finished 318/132300 files
Finished 319/132300 files
Finished 320/132300 files
Finished 321/132300 files
Finished 322/132300 files
Finished 323/132300 files
Finished 324/132300 files
Finished 325/132300 files
Finished 326/132300 files
Finished 327/132300 files
Finished 328/132300 files
Finished 329/132300 files
Finished 330/132300 files
Finished 331/132300 files
Finished 332/132300 files
Finished 333/132300 files
Finished 334/132300 files
Finished 335/132300 files
Finished 336/132300 files
Finished 337/132300 files
Finished 338/132300 files
Finished 339/132300 files
Finished 340/132300 files
Finished 341/132300 files
Finished 342/132300 files
Finished 343/132300 files
Finished 344/132300 files
Finished 345/132300 files
Finished 346/132300 files
Finished 347/132300 files
Finished 348/132300 files
Finished 349/132300 files
Finished 350/132300 files
Finished 351/132300 files
Finished 352/132300 files
Finished 353/132300 files
Finished 354/132300 files
Finished 355/132300 files
Finished 356/132300 files
Finished 357/132300 files
Finished 358/132300 files
Finished 359/132300 files
Finished 360/132300 files
Finished 361/132300 files
Finished 362/132300 files
Finished 363/132300 files
Finished 364/132300 files
Finished 365/132300 files
Finished 366/132300 files
Finished 367/132300 files
Finished 368/132300 files
Finished 369/132300 files
Finished 370/132300 files
Finished 371/132300 files
Finished 372/132300 files
Finished 373/132300 files
Finished 374/132300 files
Finished 375/132300 files
Finished 376/132300 files
Finished 377/132300 files
Finished 378/132300 files
Finished 379/132300 files
Finished 380/132300 files
Finished 381/132300 files
Finished 382/132300 files
Finished 383/132300 files
Finished 384/132300 files
Finished 385/132300 files
Finished 386/132300 files
Finished 387/132300 files
Finished 388/132300 files
Finished 389/132300 files
Finished 390/132300 files
Finished 391/132300 files
Finished 392/132300 files
Finished 393/132300 files
==============================


Completed processing file: 0/196


==============================
Finished 0/132300 files
Finished 1/132300 files
Finished 2/132300 files
Finished 3/132300 files
Finished 4/132300 files
Finished 5/132300 files
Finished 6/132300 files
Finished 7/132300 files
Finished 8/132300 files
Finished 9/132300 files
Finished 10/132300 files
Finished 11/132300 files
Finished 12/132300 files
Finished 13/132300 files
Finished 14/132300 files
Finished 15/132300 files
Finished 16/132300 files
Finished 17/132300 files
Finished 18/132300 files
Finished 19/132300 files
Finished 20/132300 files
Finished 21/132300 files
Finished 22/132300 files
Finished 23/132300 files
Finished 24/132300 files
Finished 25/132300 files
Finished 26/132300 files
Finished 27/132300 files
Finished 28/132300 files
Finished 29/132300 files
Finished 30/132300 files
Finished 31/132300 files
Finished 32/132300 files
Finished 33/132300 files
Finished 34/132300 files
Finished 35/132300 files
Finished 36/132300 files
Finished 37/132300 files
Finished 38/132300 files
Finished 39/132300 files
Finished 40/132300 files
Finished 41/132300 files
Finished 42/132300 files
Finished 43/132300 files
Finished 44/132300 files
Finished 45/132300 files
Finished 46/132300 files
Finished 47/132300 files
Finished 48/132300 files
Finished 49/132300 files
Finished 50/132300 files
Finished 51/132300 files
Finished 52/132300 files
Finished 53/132300 files
Finished 54/132300 files
Finished 55/132300 files
Finished 56/132300 files
Finished 57/132300 files
Finished 58/132300 files
Finished 59/132300 files
Finished 60/132300 files
Finished 61/132300 files
Finished 62/132300 files
Finished 63/132300 files
Finished 64/132300 files
Finished 65/132300 files
Finished 66/132300 files
Finished 67/132300 files
Finished 68/132300 files
Finished 69/132300 files
Finished 70/132300 files
Finished 71/132300 files
Finished 72/132300 files
Finished 73/132300 files
Finished 74/132300 files
Finished 75/132300 files
Finished 76/132300 files
Finished 77/132300 files
Finished 78/132300 files
Finished 79/132300 files
Finished 80/132300 files
Finished 81/132300 files
Finished 82/132300 files
Finished 83/132300 files
Finished 84/132300 files
Finished 85/132300 files
Finished 86/132300 files
Finished 87/132300 files
Finished 88/132300 files
Finished 89/132300 files
Finished 90/132300 files
Finished 91/132300 files
Finished 92/132300 files
Finished 93/132300 files
Finished 94/132300 files
Finished 95/132300 files
Finished 96/132300 files
Finished 97/132300 files
Finished 98/132300 files
Finished 99/132300 files
Finished 100/132300 files
Finished 101/132300 files
Finished 102/132300 files
Finished 103/132300 files
Finished 104/132300 files
Finished 105/132300 files
Finished 106/132300 files
Finished 107/132300 files
Finished 108/132300 files
Finished 109/132300 files
Finished 110/132300 files
Finished 111/132300 files
Finished 112/132300 files
Finished 113/132300 files
Finished 114/132300 files
Finished 115/132300 files
Finished 116/132300 files
Finished 117/132300 files
Finished 118/132300 files
Finished 119/132300 files
Finished 120/132300 files
Finished 121/132300 files
Finished 122/132300 files
Finished 123/132300 files
Finished 124/132300 files
Finished 125/132300 files
Finished 126/132300 files
Finished 127/132300 files
Finished 128/132300 files
Finished 129/132300 files
Finished 130/132300 files
Finished 131/132300 files
Finished 132/132300 files
Finished 133/132300 files
Finished 134/132300 files
Finished 135/132300 files
Finished 136/132300 files
Finished 137/132300 files
Finished 138/132300 files
Finished 139/132300 files
Finished 140/132300 files
Finished 141/132300 files
Finished 142/132300 files
Finished 143/132300 files
Finished 144/132300 files
Finished 145/132300 files
Finished 146/132300 files
Finished 147/132300 files
Finished 148/132300 files
Finished 149/132300 files
Finished 150/132300 files
Finished 151/132300 files
Finished 152/132300 files
Finished 153/132300 files
Finished 154/132300 files
Finished 155/132300 files
Finished 156/132300 files
Finished 157/132300 files
Finished 158/132300 files
Finished 159/132300 files
Finished 160/132300 files
Finished 161/132300 files
Finished 162/132300 files
Finished 163/132300 files
Finished 164/132300 files
Finished 165/132300 files
Finished 166/132300 files
Finished 167/132300 files
Finished 168/132300 files
Finished 169/132300 files
Finished 170/132300 files
Finished 171/132300 files
Finished 172/132300 files
Finished 173/132300 files
Finished 174/132300 files
Finished 175/132300 files
Finished 176/132300 files
Finished 177/132300 files
Finished 178/132300 files
Finished 179/132300 files
Finished 180/132300 files
Finished 181/132300 files
Finished 182/132300 files
Finished 183/132300 files
Finished 184/132300 files
Finished 185/132300 files
Finished 186/132300 files
Finished 187/132300 files
Finished 188/132300 files
Finished 189/132300 files
Finished 190/132300 files
Finished 191/132300 files
Finished 192/132300 files
Finished 193/132300 files
Finished 194/132300 files
Finished 195/132300 files
Finished 196/132300 files
Finished 197/132300 files
Finished 198/132300 files
Finished 199/132300 files
Finished 200/132300 files
Finished 201/132300 files
Finished 202/132300 files
Finished 203/132300 files
Finished 204/132300 files
Finished 205/132300 files
Finished 206/132300 files
Finished 207/132300 files
Finished 208/132300 files
Finished 209/132300 files
Finished 210/132300 files
Finished 211/132300 files
Finished 212/132300 files
Finished 213/132300 files
Finished 214/132300 files
Finished 215/132300 files
Finished 216/132300 files
Finished 217/132300 files
Finished 218/132300 files
Finished 219/132300 files
Finished 220/132300 files
Finished 221/132300 files
Finished 222/132300 files
Finished 223/132300 files
Finished 224/132300 files
Finished 225/132300 files
Finished 226/132300 files
Finished 227/132300 files
Finished 228/132300 files
Finished 229/132300 files
Finished 230/132300 files
Finished 231/132300 files
Finished 232/132300 files
Finished 233/132300 files
Finished 234/132300 files
Finished 235/132300 files
Finished 236/132300 files
Finished 237/132300 files
Finished 238/132300 files
Finished 239/132300 files
Finished 240/132300 files
Finished 241/132300 files
Finished 242/132300 files
Finished 243/132300 files
Finished 244/132300 files
Finished 245/132300 files
Finished 246/132300 files
Finished 247/132300 files
Finished 248/132300 files
Finished 249/132300 files
Finished 250/132300 files
Finished 251/132300 files
Finished 252/132300 files
Finished 253/132300 files
Finished 254/132300 files
Finished 255/132300 files
Finished 256/132300 files
Finished 257/132300 files
Finished 258/132300 files
Finished 259/132300 files
Finished 260/132300 files
Finished 261/132300 files
Finished 262/132300 files
Finished 263/132300 files
Finished 264/132300 files
Finished 265/132300 files
Finished 266/132300 files
Finished 267/132300 files
Finished 268/132300 files
Finished 269/132300 files
Finished 270/132300 files
Finished 271/132300 files
Finished 272/132300 files
Finished 273/132300 files
Finished 274/132300 files
Finished 275/132300 files
Finished 276/132300 files
Finished 277/132300 files
Finished 278/132300 files
Finished 279/132300 files
Finished 280/132300 files
Finished 281/132300 files
Finished 282/132300 files
Finished 283/132300 files
Finished 284/132300 files
Finished 285/132300 files
Finished 286/132300 files
Finished 287/132300 files
Finished 288/132300 files
Finished 289/132300 files
Finished 290/132300 files
Finished 291/132300 files
Finished 292/132300 files
Finished 293/132300 files
Finished 294/132300 files
Finished 295/132300 files
Finished 296/132300 files
Finished 297/132300 files
Finished 298/132300 files
Finished 299/132300 files
Finished 300/132300 files
Finished 301/132300 files
Finished 302/132300 files
Finished 303/132300 files
Finished 304/132300 files
Finished 305/132300 files
Finished 306/132300 files
Finished 307/132300 files
Finished 308/132300 files
Finished 309/132300 files
Finished 310/132300 files
Finished 311/132300 files
Finished 312/132300 files
Finished 313/132300 files
Finished 314/132300 files
Finished 315/132300 files
Finished 316/132300 files
Finished 317/132300 files
Finished 318/132300 files
Finished 319/132300 files
Finished 320/132300 files
Finished 321/132300 files
Finished 322/132300 files
Finished 323/132300 files
Finished 324/132300 files
Finished 325/132300 files
Finished 326/132300 files
Finished 327/132300 files
Finished 328/132300 files
Finished 329/132300 files
Finished 330/132300 files
Finished 331/132300 files
Finished 332/132300 files
Finished 333/132300 files
Finished 334/132300 files
Finished 335/132300 files
Finished 336/132300 files
Finished 337/132300 files
Finished 338/132300 files
Finished 339/132300 files
Finished 340/132300 files
Finished 341/132300 files
Finished 342/132300 files
Finished 343/132300 files
Finished 344/132300 files
==============================


Completed processing file: 1/196


==============================
Finished 0/132300 files
Finished 1/132300 files
Finished 2/132300 files
Finished 3/132300 files
Finished 4/132300 files
Finished 5/132300 files
Finished 6/132300 files
Finished 7/132300 files
Finished 8/132300 files
Finished 9/132300 files
Finished 10/132300 files
Finished 11/132300 files
Finished 12/132300 files
Finished 13/132300 files
Finished 14/132300 files
Finished 15/132300 files
Finished 16/132300 files
Finished 17/132300 files
Finished 18/132300 files
Finished 19/132300 files
Finished 20/132300 files
Finished 21/132300 files
Finished 22/132300 files
Finished 23/132300 files
Finished 24/132300 files
Finished 25/132300 files
Finished 26/132300 files
Finished 27/132300 files
Finished 28/132300 files
Finished 29/132300 files
Finished 30/132300 files
Finished 31/132300 files
Finished 32/132300 files
Finished 33/132300 files
Finished 34/132300 files
Finished 35/132300 files
Finished 36/132300 files
Finished 37/132300 files
Finished 38/132300 files
Finished 39/132300 files
Finished 40/132300 files
Finished 41/132300 files
Finished 42/132300 files
Finished 43/132300 files
Finished 44/132300 files
Finished 45/132300 files
Finished 46/132300 files
Finished 47/132300 files
Finished 48/132300 files
Finished 49/132300 files
Finished 50/132300 files
Finished 51/132300 files
Finished 52/132300 files
Finished 53/132300 files
Finished 54/132300 files
Finished 55/132300 files
Finished 56/132300 files
Finished 57/132300 files
Finished 58/132300 files
Finished 59/132300 files
Finished 60/132300 files
Finished 61/132300 files
Finished 62/132300 files
Finished 63/132300 files
Finished 64/132300 files
Finished 65/132300 files
Finished 66/132300 files
Finished 67/132300 files
Finished 68/132300 files
Finished 69/132300 files
Finished 70/132300 files
Finished 71/132300 files
Finished 72/132300 files
Finished 73/132300 files
Finished 74/132300 files
Finished 75/132300 files
Finished 76/132300 files
Finished 77/132300 files
Finished 78/132300 files
Finished 79/132300 files
Finished 80/132300 files
Finished 81/132300 files
Finished 82/132300 files
Finished 83/132300 files
Finished 84/132300 files
Finished 85/132300 files
Finished 86/132300 files
Finished 87/132300 files
Finished 88/132300 files
Finished 89/132300 files
Finished 90/132300 files
Finished 91/132300 files
Finished 92/132300 files
Finished 93/132300 files
Finished 94/132300 files
Finished 95/132300 files
Finished 96/132300 files
Finished 97/132300 files
Finished 98/132300 files
Finished 99/132300 files
Finished 100/132300 files
Finished 101/132300 files
Finished 102/132300 files
Finished 103/132300 files
Finished 104/132300 files
Finished 105/132300 files
Finished 106/132300 files
Finished 107/132300 files
Finished 108/132300 files
Finished 109/132300 files
Finished 110/132300 files
Finished 111/132300 files
Finished 112/132300 files
Finished 113/132300 files
Finished 114/132300 files
Finished 115/132300 files
Finished 116/132300 files
Finished 117/132300 files
Finished 118/132300 files
Finished 119/132300 files
Finished 120/132300 files
Finished 121/132300 files
Finished 122/132300 files
Finished 123/132300 files
Finished 124/132300 files
Finished 125/132300 files
Finished 126/132300 files
Finished 127/132300 files
Finished 128/132300 files
Finished 129/132300 files
Finished 130/132300 files
Finished 131/132300 files
Finished 132/132300 files
Finished 133/132300 files
Finished 134/132300 files
Finished 135/132300 files
Finished 136/132300 files
Finished 137/132300 files
Finished 138/132300 files
Finished 139/132300 files
Finished 140/132300 files
Finished 141/132300 files
Finished 142/132300 files
Finished 143/132300 files
Finished 144/132300 files
Finished 145/132300 files
Finished 146/132300 files
Finished 147/132300 files
Finished 148/132300 files
Finished 149/132300 files
Finished 150/132300 files
Finished 151/132300 files
Finished 152/132300 files
Finished 153/132300 files
Finished 154/132300 files
Finished 155/132300 files
Finished 156/132300 files
Finished 157/132300 files
Finished 158/132300 files
Finished 159/132300 files
Finished 160/132300 files
Finished 161/132300 files
Finished 162/132300 files
Finished 163/132300 files
Finished 164/132300 files
Finished 165/132300 files
Finished 166/132300 files
Finished 167/132300 files
Finished 168/132300 files
Finished 169/132300 files
Finished 170/132300 files
Finished 171/132300 files
Finished 172/132300 files
Finished 173/132300 files
Finished 174/132300 files
Finished 175/132300 files
Finished 176/132300 files
Finished 177/132300 files
Finished 178/132300 files
Finished 179/132300 files
Finished 180/132300 files
Finished 181/132300 files
Finished 182/132300 files
Finished 183/132300 files
Finished 184/132300 files
Finished 185/132300 files
Finished 186/132300 files
Finished 187/132300 files
Finished 188/132300 files
Finished 189/132300 files
Finished 190/132300 files
Finished 191/132300 files
Finished 192/132300 files
Finished 193/132300 files
Finished 194/132300 files
Finished 195/132300 files
Finished 196/132300 files
Finished 197/132300 files
Finished 198/132300 files
Finished 199/132300 files
Finished 200/132300 files
Finished 201/132300 files
Finished 202/132300 files
Finished 203/132300 files
Finished 204/132300 files
Finished 205/132300 files
Finished 206/132300 files
Finished 207/132300 files
Finished 208/132300 files
Finished 209/132300 files
Finished 210/132300 files
Finished 211/132300 files
Finished 212/132300 files
Finished 213/132300 files
Finished 214/132300 files
Finished 215/132300 files
Finished 216/132300 files
Finished 217/132300 files
Finished 218/132300 files
Finished 219/132300 files
Finished 220/132300 files
Finished 221/132300 files
Finished 222/132300 files
Finished 223/132300 files
Finished 224/132300 files
Finished 225/132300 files
Finished 226/132300 files
Finished 227/132300 files
Finished 228/132300 files
Finished 229/132300 files
Finished 230/132300 files
Finished 231/132300 files
Finished 232/132300 files
Finished 233/132300 files
Finished 234/132300 files
Finished 235/132300 files
Finished 236/132300 files
Finished 237/132300 files
Finished 238/132300 files
Finished 239/132300 files
Finished 240/132300 files
Finished 241/132300 files
Finished 242/132300 files
Finished 243/132300 files
Finished 244/132300 files
Finished 245/132300 files
Finished 246/132300 files
Finished 247/132300 files
Finished 248/132300 files
Finished 249/132300 files
Finished 250/132300 files
Finished 251/132300 files
Finished 252/132300 files
Finished 253/132300 files
Finished 254/132300 files
Finished 255/132300 files
Finished 256/132300 files
Finished 257/132300 files
Finished 258/132300 files
Finished 259/132300 files
Finished 260/132300 files
Finished 261/132300 files
Finished 262/132300 files
Finished 263/132300 files
Finished 264/132300 files
Finished 265/132300 files
Finished 266/132300 files
Finished 267/132300 files
Finished 268/132300 files
Finished 269/132300 files
Finished 270/132300 files
Finished 271/132300 files
Finished 272/132300 files
Finished 273/132300 files
Finished 274/132300 files
Finished 275/132300 files
Finished 276/132300 files
Finished 277/132300 files
Finished 278/132300 files
Finished 279/132300 files
Finished 280/132300 files
Finished 281/132300 files
Finished 282/132300 files
Finished 283/132300 files
Finished 284/132300 files
Finished 285/132300 files
Finished 286/132300 files
Finished 287/132300 files
Finished 288/132300 files
Finished 289/132300 files
Finished 290/132300 files
Finished 291/132300 files
Finished 292/132300 files
Finished 293/132300 files
Finished 294/132300 files
Finished 295/132300 files
Finished 296/132300 files
Finished 297/132300 files
Finished 298/132300 files
Finished 299/132300 files
Finished 300/132300 files
Finished 301/132300 files
Finished 302/132300 files
Finished 303/132300 files
Finished 304/132300 files
Finished 305/132300 files
Finished 306/132300 files
Finished 307/132300 files
Finished 308/132300 files
Finished 309/132300 files
Finished 310/132300 files
Finished 311/132300 files
Finished 312/132300 files
Finished 313/132300 files
Finished 314/132300 files
Finished 315/132300 files
Finished 316/132300 files
Finished 317/132300 files
Finished 318/132300 files
Finished 319/132300 files
Finished 320/132300 files
Finished 321/132300 files
Finished 322/132300 files
Finished 323/132300 files
Finished 324/132300 files
Finished 325/132300 files
Finished 326/132300 files
Finished 327/132300 files
Finished 328/132300 files
Finished 329/132300 files
Finished 330/132300 files
Finished 331/132300 files
Finished 332/132300 files
Finished 333/132300 files
Finished 334/132300 files
Finished 335/132300 files
Finished 336/132300 files
Finished 337/132300 files
Finished 338/132300 files
Finished 339/132300 files
Finished 340/132300 files
Finished 341/132300 files
Finished 342/132300 files
Finished 343/132300 files
Finished 344/132300 files
Finished 345/132300 files
Finished 346/132300 files
Finished 347/132300 files
Finished 348/132300 files
Finished 349/132300 files
Finished 350/132300 files
Finished 351/132300 files
Finished 352/132300 files
Finished 353/132300 files
Finished 354/132300 files
Finished 355/132300 files
Finished 356/132300 files
Finished 357/132300 files
Finished 358/132300 files
Finished 359/132300 files
Finished 360/132300 files
Finished 361/132300 files
Finished 362/132300 files
Finished 363/132300 files
Finished 364/132300 files
Finished 365/132300 files
Finished 366/132300 files
Finished 367/132300 files
Finished 368/132300 files
Finished 369/132300 files
Finished 370/132300 files
Finished 371/132300 files
Finished 372/132300 files
Finished 373/132300 files
Finished 374/132300 files
Finished 375/132300 files
Finished 376/132300 files
Finished 377/132300 files
Finished 378/132300 files
Finished 379/132300 files
Finished 380/132300 files
Finished 381/132300 files
Finished 382/132300 files
Finished 383/132300 files
Finished 384/132300 files
Finished 385/132300 files
Finished 386/132300 files
Finished 387/132300 files
Finished 388/132300 files
Finished 389/132300 files
Finished 390/132300 files
Finished 391/132300 files
Finished 392/132300 files
Finished 393/132300 files
Finished 394/132300 files
Finished 395/132300 files
Finished 396/132300 files
Finished 397/132300 files
Finished 398/132300 files
Finished 399/132300 files
Finished 400/132300 files
Finished 401/132300 files
Finished 402/132300 files
Finished 403/132300 files
Finished 404/132300 files
Finished 405/132300 files
Finished 406/132300 files
Finished 407/132300 files
Finished 408/132300 files
Finished 409/132300 files
Finished 410/132300 files
Finished 411/132300 files
Finished 412/132300 files
Finished 413/132300 files
Finished 414/132300 files
Finished 415/132300 files
Finished 416/132300 files
Finished 417/132300 files
Finished 418/132300 files
Finished 419/132300 files
Finished 420/132300 files
Finished 421/132300 files
Finished 422/132300 files
Finished 423/132300 files
Finished 424/132300 files
Finished 425/132300 files
Finished 426/132300 files
Finished 427/132300 files
Finished 428/132300 files
Finished 429/132300 files
Finished 430/132300 files
Finished 431/132300 files
Finished 432/132300 files
Finished 433/132300 files
Finished 434/132300 files
Finished 435/132300 files
Finished 436/132300 files
Finished 437/132300 files
Finished 438/132300 files
Finished 439/132300 files
Finished 440/132300 files
Finished 441/132300 files
Finished 442/132300 files
Finished 443/132300 files
Finished 444/132300 files
Finished 445/132300 files
Finished 446/132300 files
Finished 447/132300 files
Finished 448/132300 files
Finished 449/132300 files
Finished 450/132300 files
Finished 451/132300 files
Finished 452/132300 files
Finished 453/132300 files
Finished 454/132300 files
Finished 455/132300 files
Finished 456/132300 files
Finished 457/132300 files
Finished 458/132300 files
Finished 459/132300 files
Finished 460/132300 files
Finished 461/132300 files
Finished 462/132300 files
Finished 463/132300 files
Finished 464/132300 files
Finished 465/132300 files
Finished 466/132300 files
Finished 467/132300 files
Finished 468/132300 files
Finished 469/132300 files
Finished 470/132300 files
Finished 471/132300 files
Finished 472/132300 files
Finished 473/132300 files
Finished 474/132300 files
Finished 475/132300 files
Finished 476/132300 files
Finished 477/132300 files
Finished 478/132300 files
Finished 479/132300 files
Finished 480/132300 files
Finished 481/132300 files
Finished 482/132300 files
Finished 483/132300 files
Finished 484/132300 files
Finished 485/132300 files
Finished 486/132300 files
Finished 487/132300 files
Finished 488/132300 files
Finished 489/132300 files
Finished 490/132300 files
Finished 491/132300 files
Finished 492/132300 files
Finished 493/132300 files
Finished 494/132300 files
Finished 495/132300 files
Finished 496/132300 files
Finished 497/132300 files
Finished 498/132300 files
Finished 499/132300 files
Finished 500/132300 files
Finished 501/132300 files
Finished 502/132300 files
Finished 503/132300 files
Finished 504/132300 files
Finished 505/132300 files
Finished 506/132300 files
Finished 507/132300 files
Finished 508/132300 files
Finished 509/132300 files
Finished 510/132300 files
Finished 511/132300 files
Finished 512/132300 files
Finished 513/132300 files
Finished 514/132300 files
Finished 515/132300 files
Finished 516/132300 files
Finished 517/132300 files
Finished 518/132300 files
Finished 519/132300 files
Finished 520/132300 files
Finished 521/132300 files
Finished 522/132300 files
Finished 523/132300 files
Finished 524/132300 files
Finished 525/132300 files
Finished 526/132300 files
Finished 527/132300 files
Finished 528/132300 files
Finished 529/132300 files
Finished 530/132300 files
Finished 531/132300 files
Finished 532/132300 files
Finished 533/132300 files
Finished 534/132300 files
Finished 535/132300 files
Finished 536/132300 files
Finished 537/132300 files
Finished 538/132300 files
Finished 539/132300 files
Finished 540/132300 files
Finished 541/132300 files
Finished 542/132300 files
Finished 543/132300 files
Finished 544/132300 files
Finished 545/132300 files
Finished 546/132300 files
Finished 547/132300 files
Finished 548/132300 files
Finished 549/132300 files
Finished 550/132300 files
Finished 551/132300 files
Finished 552/132300 files
Finished 553/132300 files
Finished 554/132300 files
Finished 555/132300 files
Finished 556/132300 files
Finished 557/132300 files
Finished 558/132300 files
Finished 559/132300 files
Finished 560/132300 files
Finished 561/132300 files
Finished 562/132300 files
Finished 563/132300 files
Finished 564/132300 files
Finished 565/132300 files
Finished 566/132300 files
Finished 567/132300 files
Finished 568/132300 files
Finished 569/132300 files
Finished 570/132300 files
Finished 571/132300 files
Finished 572/132300 files
Finished 573/132300 files
Finished 574/132300 files
Finished 575/132300 files
Finished 576/132300 files
Finished 577/132300 files
Finished 578/132300 files
Finished 579/132300 files
Finished 580/132300 files
Finished 581/132300 files
Finished 582/132300 files
Finished 583/132300 files
Finished 584/132300 files
Finished 585/132300 files
Finished 586/132300 files
Finished 587/132300 files
Finished 588/132300 files
Finished 589/132300 files
Finished 590/132300 files
Finished 591/132300 files
Finished 592/132300 files
Finished 593/132300 files
Finished 594/132300 files
Finished 595/132300 files
Finished 596/132300 files
Finished 597/132300 files
Finished 598/132300 files
Finished 599/132300 files
Finished 600/132300 files
Finished 601/132300 files
Finished 602/132300 files
Finished 603/132300 files
Finished 604/132300 files
Finished 605/132300 files
Finished 606/132300 files
Finished 607/132300 files
Finished 608/132300 files
Finished 609/132300 files
Finished 610/132300 files
Finished 611/132300 files
Finished 612/132300 files
Finished 613/132300 files
Finished 614/132300 files
Finished 615/132300 files
Finished 616/132300 files
Finished 617/132300 files
Finished 618/132300 files
Finished 619/132300 files
Finished 620/132300 files
Finished 621/132300 files
Finished 622/132300 files
Finished 623/132300 files
Finished 624/132300 files
Finished 625/132300 files
Finished 626/132300 files
Finished 627/132300 files
Finished 628/132300 files
Finished 629/132300 files
Finished 630/132300 files
Finished 631/132300 files
Finished 632/132300 files
Finished 633/132300 files
Finished 634/132300 files
Finished 635/132300 files
Finished 636/132300 files
Finished 637/132300 files
Finished 638/132300 files
Finished 639/132300 files
Finished 640/132300 files
Finished 641/132300 files
Finished 642/132300 files
Finished 643/132300 files
Finished 644/132300 files
Finished 645/132300 files
Finished 646/132300 files
Finished 647/132300 files
Finished 648/132300 files
Finished 649/132300 files
Finished 650/132300 files
Finished 651/132300 files
Finished 652/132300 files
Finished 653/132300 files
Finished 654/132300 files
Finished 655/132300 files
Finished 656/132300 files
Finished 657/132300 files
Finished 658/132300 files
Finished 659/132300 files
Finished 660/132300 files
Finished 661/132300 files
Finished 662/132300 files
Finished 663/132300 files
Finished 664/132300 files
Finished 665/132300 files
Finished 666/132300 files
Finished 667/132300 files
Finished 668/132300 files
Finished 669/132300 files
Finished 670/132300 files
Finished 671/132300 files
Finished 672/132300 files
Finished 673/132300 files
Finished 674/132300 files
Finished 675/132300 files
Finished 676/132300 files
Finished 677/132300 files
Finished 678/132300 files
Finished 679/132300 files
Finished 680/132300 files
Finished 681/132300 files
Finished 682/132300 files
Finished 683/132300 files
Finished 684/132300 files
Finished 685/132300 files
Finished 686/132300 files
Finished 687/132300 files
Finished 688/132300 files
Finished 689/132300 files
Finished 690/132300 files
Finished 691/132300 files
Finished 692/132300 files
Finished 693/132300 files
Finished 694/132300 files
Finished 695/132300 files
Finished 696/132300 files
Finished 697/132300 files
Finished 698/132300 files
Finished 699/132300 files
Finished 700/132300 files
Finished 701/132300 files
Finished 702/132300 files
Finished 703/132300 files
Finished 704/132300 files
Finished 705/132300 files
Finished 706/132300 files
Finished 707/132300 files
Finished 708/132300 files
Finished 709/132300 files
Finished 710/132300 files
Finished 711/132300 files
Finished 712/132300 files
Finished 713/132300 files
Finished 714/132300 files
Finished 715/132300 files
Finished 716/132300 files
Finished 717/132300 files
Finished 718/132300 files
Finished 719/132300 files
Finished 720/132300 files
Finished 721/132300 files
Finished 722/132300 files
Finished 723/132300 files
Finished 724/132300 files
Finished 725/132300 files
Finished 726/132300 files
Finished 727/132300 files
Finished 728/132300 files
Finished 729/132300 files
Finished 730/132300 files
Finished 731/132300 files
Finished 732/132300 files
Finished 733/132300 files
Finished 734/132300 files
Finished 735/132300 files
Finished 736/132300 files
Finished 737/132300 files
Finished 738/132300 files
Finished 739/132300 files
Finished 740/132300 files
Finished 741/132300 files
Finished 742/132300 files
Finished 743/132300 files
Finished 744/132300 files
Finished 745/132300 files
Finished 746/132300 files
Finished 747/132300 files
Finished 748/132300 files
Finished 749/132300 files
Finished 750/132300 files
Finished 751/132300 files
Finished 752/132300 files
Finished 753/132300 files
Finished 754/132300 files
Finished 755/132300 files
Finished 756/132300 files
Finished 757/132300 files
Finished 758/132300 files
Finished 759/132300 files
Finished 760/132300 files
Finished 761/132300 files
Finished 762/132300 files
Finished 763/132300 files
Finished 764/132300 files
Finished 765/132300 files
Finished 766/132300 files
Finished 767/132300 files
Finished 768/132300 files
Finished 769/132300 files
Finished 770/132300 files
Finished 771/132300 files
Finished 772/132300 files
Finished 773/132300 files
Finished 774/132300 files
Finished 775/132300 files
Finished 776/132300 files
Finished 777/132300 files
Finished 778/132300 files
Finished 779/132300 files
Finished 780/132300 files
Finished 781/132300 files
Finished 782/132300 files
Finished 783/132300 files
Finished 784/132300 files
Finished 785/132300 files
Finished 786/132300 files
Finished 787/132300 files
Finished 788/132300 files
Finished 789/132300 files
Finished 790/132300 files
Finished 791/132300 files
Finished 792/132300 files
Finished 793/132300 files
Finished 794/132300 files
Finished 795/132300 files
Finished 796/132300 files
Finished 797/132300 files
Finished 798/132300 files
Finished 799/132300 files
Finished 800/132300 files
Finished 801/132300 files
Finished 802/132300 files
Finished 803/132300 files
Finished 804/132300 files
Finished 805/132300 files
Finished 806/132300 files
Finished 807/132300 files
Finished 808/132300 files
Finished 809/132300 files
Finished 810/132300 files
Finished 811/132300 files
Finished 812/132300 files
Finished 813/132300 files
Finished 814/132300 files
Finished 815/132300 files
Finished 816/132300 files
Finished 817/132300 files
Finished 818/132300 files
Finished 819/132300 files
Finished 820/132300 files
Finished 821/132300 files
Finished 822/132300 files
Finished 823/132300 files
Finished 824/132300 files
Finished 825/132300 files
Finished 826/132300 files
Finished 827/132300 files
Finished 828/132300 files
Finished 829/132300 files
Finished 830/132300 files
Finished 831/132300 files
Finished 832/132300 files
Finished 833/132300 files
Finished 834/132300 files
Finished 835/132300 files
Finished 836/132300 files
Finished 837/132300 files
Finished 838/132300 files
Finished 839/132300 files
Finished 840/132300 files
Finished 841/132300 files
Finished 842/132300 files
Finished 843/132300 files
Finished 844/132300 files
Finished 845/132300 files
Finished 846/132300 files
Finished 847/132300 files
Finished 848/132300 files
Finished 849/132300 files
Finished 850/132300 files
Finished 851/132300 files
Finished 852/132300 files
Finished 853/132300 files
Finished 854/132300 files
Finished 855/132300 files
Finished 856/132300 files
Finished 857/132300 files
Finished 858/132300 files
Finished 859/132300 files
Finished 860/132300 files
Finished 861/132300 files
Finished 862/132300 files
Finished 863/132300 files
Finished 864/132300 files
Finished 865/132300 files
Finished 866/132300 files
Finished 867/132300 files
Finished 868/132300 files
Finished 869/132300 files
Finished 870/132300 files
Finished 871/132300 files
Finished 872/132300 files
Finished 873/132300 files
Finished 874/132300 files
Finished 875/132300 files
Finished 876/132300 files
Finished 877/132300 files
Finished 878/132300 files
Finished 879/132300 files
Finished 880/132300 files
Finished 881/132300 files
Finished 882/132300 files
Finished 883/132300 files
Finished 884/132300 files
Finished 885/132300 files
Finished 886/132300 files
Finished 887/132300 files
Finished 888/132300 files
Finished 889/132300 files
Finished 890/132300 files
Finished 891/132300 files
Finished 892/132300 files
Finished 893/132300 files
Finished 894/132300 files
Finished 895/132300 files
Finished 896/132300 files
Finished 897/132300 files
Finished 898/132300 files
Finished 899/132300 files
Finished 900/132300 files
Finished 901/132300 files
Finished 902/132300 files
Finished 903/132300 files
Finished 904/132300 files
Finished 905/132300 files
Finished 906/132300 files
Finished 907/132300 files
Finished 908/132300 files
Finished 909/132300 files
Finished 910/132300 files
Finished 911/132300 files
Finished 912/132300 files
Finished 913/132300 files
Finished 914/132300 files
Finished 915/132300 files
Finished 916/132300 files
Finished 917/132300 files
Finished 918/132300 files
Finished 919/132300 files
Finished 920/132300 files
Finished 921/132300 files
Finished 922/132300 files
Finished 923/132300 files
Finished 924/132300 files
Finished 925/132300 files
Finished 926/132300 files
Finished 927/132300 files
Finished 928/132300 files
Finished 929/132300 files
Finished 930/132300 files
Finished 931/132300 files
Finished 932/132300 files
Finished 933/132300 files
Finished 934/132300 files
Finished 935/132300 files
Finished 936/132300 files
Finished 937/132300 files
Finished 938/132300 files
Finished 939/132300 files
Finished 940/132300 files
Finished 941/132300 files
Finished 942/132300 files
Finished 943/132300 files
Finished 944/132300 files
Finished 945/132300 files
Finished 946/132300 files
Finished 947/132300 files
Finished 948/132300 files
Finished 949/132300 files
Finished 950/132300 files
Finished 951/132300 files
Finished 952/132300 files
Finished 953/132300 files
Finished 954/132300 files
Finished 955/132300 files
Finished 956/132300 files
Finished 957/132300 files
Finished 958/132300 files
Finished 959/132300 files
Finished 960/132300 files
Finished 961/132300 files
Finished 962/132300 files
Finished 963/132300 files
Finished 964/132300 files
Finished 965/132300 files
Finished 966/132300 files
Finished 967/132300 files
Finished 968/132300 files
Finished 969/132300 files
Finished 970/132300 files
Finished 971/132300 files
Finished 972/132300 files
Finished 973/132300 files
Finished 974/132300 files
Finished 975/132300 files
Finished 976/132300 files
Finished 977/132300 files
Finished 978/132300 files
Finished 979/132300 files
Finished 980/132300 files
Finished 981/132300 files
Finished 982/132300 files
Finished 983/132300 files
Finished 984/132300 files
Finished 985/132300 files
Finished 986/132300 files
Finished 987/132300 files
Finished 988/132300 files
Finished 989/132300 files
Finished 990/132300 files
Finished 991/132300 files
Finished 992/132300 files
Finished 993/132300 files
Finished 994/132300 files
Finished 995/132300 files
Finished 996/132300 files
Finished 997/132300 files
Finished 998/132300 files
Finished 999/132300 files
Finished 1000/132300 files
Finished 1001/132300 files
Finished 1002/132300 files
Finished 1003/132300 files
Finished 1004/132300 files
Finished 1005/132300 files
Finished 1006/132300 files
Finished 1007/132300 files
Finished 1008/132300 files
Finished 1009/132300 files
Finished 1010/132300 files
Finished 1011/132300 files
Finished 1012/132300 files
Finished 1013/132300 files
Finished 1014/132300 files
Finished 1015/132300 files
Finished 1016/132300 files
Finished 1017/132300 files
Finished 1018/132300 files
Finished 1019/132300 files
Finished 1020/132300 files
Finished 1021/132300 files
Finished 1022/132300 files
Finished 1023/132300 files
Finished 1024/132300 files
Finished 1025/132300 files
Finished 1026/132300 files
Finished 1027/132300 files
Finished 1028/132300 files
Finished 1029/132300 files
Finished 1030/132300 files
Finished 1031/132300 files
Finished 1032/132300 files
Finished 1033/132300 files
Finished 1034/132300 files
Finished 1035/132300 files
Finished 1036/132300 files
Finished 1037/132300 files
Finished 1038/132300 files
Finished 1039/132300 files
Finished 1040/132300 files
Finished 1041/132300 files
Finished 1042/132300 files
Finished 1043/132300 files
Finished 1044/132300 files
Finished 1045/132300 files
Finished 1046/132300 files
Finished 1047/132300 files
Finished 1048/132300 files
Finished 1049/132300 files
Finished 1050/132300 files
Finished 1051/132300 files
Finished 1052/132300 files
Finished 1053/132300 files
Finished 1054/132300 files
Finished 1055/132300 files
Finished 1056/132300 files
Finished 1057/132300 files
Finished 1058/132300 files
Finished 1059/132300 files
Finished 1060/132300 files
Finished 1061/132300 files
Finished 1062/132300 files
Finished 1063/132300 files
Finished 1064/132300 files
Finished 1065/132300 files
Finished 1066/132300 files
Finished 1067/132300 files
Finished 1068/132300 files
Finished 1069/132300 files
Finished 1070/132300 files
Finished 1071/132300 files
Finished 1072/132300 files
Finished 1073/132300 files
Finished 1074/132300 files
Finished 1075/132300 files
Finished 1076/132300 files
Finished 1077/132300 files
Finished 1078/132300 files
Finished 1079/132300 files
Finished 1080/132300 files
Finished 1081/132300 files
Finished 1082/132300 files
Finished 1083/132300 files
Finished 1084/132300 files
Finished 1085/132300 files
Finished 1086/132300 files
Finished 1087/132300 files
Finished 1088/132300 files
Finished 1089/132300 files
Finished 1090/132300 files
Finished 1091/132300 files
Finished 1092/132300 files
Finished 1093/132300 files
Finished 1094/132300 files
Finished 1095/132300 files
Finished 1096/132300 files
Finished 1097/132300 files
Finished 1098/132300 files
Finished 1099/132300 files
Finished 1100/132300 files
Finished 1101/132300 files
Finished 1102/132300 files
Finished 1103/132300 files
Finished 1104/132300 files
Finished 1105/132300 files
Finished 1106/132300 files
Finished 1107/132300 files
Finished 1108/132300 files
Finished 1109/132300 files
Finished 1110/132300 files
Finished 1111/132300 files
Finished 1112/132300 files
Finished 1113/132300 files
Finished 1114/132300 files
Finished 1115/132300 files
Finished 1116/132300 files
Finished 1117/132300 files
Finished 1118/132300 files
Finished 1119/132300 files
Finished 1120/132300 files
Finished 1121/132300 files
Finished 1122/132300 files
Finished 1123/132300 files
Finished 1124/132300 files
Finished 1125/132300 files
Finished 1126/132300 files
Finished 1127/132300 files
Finished 1128/132300 files
Finished 1129/132300 files
Finished 1130/132300 files
Finished 1131/132300 files
Finished 1132/132300 files
Finished 1133/132300 files
Finished 1134/132300 files
Finished 1135/132300 files
Finished 1136/132300 files
Finished 1137/132300 files
Finished 1138/132300 files
Finished 1139/132300 files
Finished 1140/132300 files
Finished 1141/132300 files
Finished 1142/132300 files
Finished 1143/132300 files
Finished 1144/132300 files
Finished 1145/132300 files
Finished 1146/132300 files
Finished 1147/132300 files
Finished 1148/132300 files
Finished 1149/132300 files
Finished 1150/132300 files
Finished 1151/132300 files
Finished 1152/132300 files
Finished 1153/132300 files
Finished 1154/132300 files
Finished 1155/132300 files
Finished 1156/132300 files
Finished 1157/132300 files
Finished 1158/132300 files
Finished 1159/132300 files
Finished 1160/132300 files
Finished 1161/132300 files
Finished 1162/132300 files
Finished 1163/132300 files
Finished 1164/132300 files
Finished 1165/132300 files
Finished 1166/132300 files
Finished 1167/132300 files
Finished 1168/132300 files
Finished 1169/132300 files
Finished 1170/132300 files
Finished 1171/132300 files
Finished 1172/132300 files
Finished 1173/132300 files
Finished 1174/132300 files
Finished 1175/132300 files
Finished 1176/132300 files
Finished 1177/132300 files
Finished 1178/132300 files
Finished 1179/132300 files
Finished 1180/132300 files
Finished 1181/132300 files
Finished 1182/132300 files
Finished 1183/132300 files
Finished 1184/132300 files
Finished 1185/132300 files
Finished 1186/132300 files
Finished 1187/132300 files
Finished 1188/132300 files
Finished 1189/132300 files
Finished 1190/132300 files
Finished 1191/132300 files
Finished 1192/132300 files
Finished 1193/132300 files
Finished 1194/132300 files
Finished 1195/132300 files
Finished 1196/132300 files
Finished 1197/132300 files
Finished 1198/132300 files
Finished 1199/132300 files
Finished 1200/132300 files
Finished 1201/132300 files
Finished 1202/132300 files
Finished 1203/132300 files
Finished 1204/132300 files
Finished 1205/132300 files
Finished 1206/132300 files
Finished 1207/132300 files
Finished 1208/132300 files
Finished 1209/132300 files
Finished 1210/132300 files
Finished 1211/132300 files
Finished 1212/132300 files
Finished 1213/132300 files
Finished 1214/132300 files
Finished 1215/132300 files
Finished 1216/132300 files
Finished 1217/132300 files
Finished 1218/132300 files
Finished 1219/132300 files
Finished 1220/132300 files
Finished 1221/132300 files
Finished 1222/132300 files
Finished 1223/132300 files
Finished 1224/132300 files
Finished 1225/132300 files
Finished 1226/132300 files
Finished 1227/132300 files
Finished 1228/132300 files
Finished 1229/132300 files
Finished 1230/132300 files
Finished 1231/132300 files
Finished 1232/132300 files
Finished 1233/132300 files
Finished 1234/132300 files
Finished 1235/132300 files
Finished 1236/132300 files
Finished 1237/132300 files
Finished 1238/132300 files
Finished 1239/132300 files
Finished 1240/132300 files
Finished 1241/132300 files
Finished 1242/132300 files
Finished 1243/132300 files
Finished 1244/132300 files
Finished 1245/132300 files
Finished 1246/132300 files
Finished 1247/132300 files
Finished 1248/132300 files
Finished 1249/132300 files
Finished 1250/132300 files
Finished 1251/132300 files
Finished 1252/132300 files
Finished 1253/132300 files
Finished 1254/132300 files
Finished 1255/132300 files
Finished 1256/132300 files
Finished 1257/132300 files
Finished 1258/132300 files
Finished 1259/132300 files
Finished 1260/132300 files
Finished 1261/132300 files
Finished 1262/132300 files
Finished 1263/132300 files
Finished 1264/132300 files
Finished 1265/132300 files
Finished 1266/132300 files
Finished 1267/132300 files
Finished 1268/132300 files
Finished 1269/132300 files
Finished 1270/132300 files
Finished 1271/132300 files
Finished 1272/132300 files
Finished 1273/132300 files
Finished 1274/132300 files
Finished 1275/132300 files
Finished 1276/132300 files
Finished 1277/132300 files
Finished 1278/132300 files
Finished 1279/132300 files
Finished 1280/132300 files
Finished 1281/132300 files
Finished 1282/132300 files
Finished 1283/132300 files
Finished 1284/132300 files
Finished 1285/132300 files
Finished 1286/132300 files
Finished 1287/132300 files
Finished 1288/132300 files
Finished 1289/132300 files
Finished 1290/132300 files
Finished 1291/132300 files
Finished 1292/132300 files
Finished 1293/132300 files
Finished 1294/132300 files
Finished 1295/132300 files
Finished 1296/132300 files
Finished 1297/132300 files
Finished 1298/132300 files
Finished 1299/132300 files
Finished 1300/132300 files
Finished 1301/132300 files
Finished 1302/132300 files
Finished 1303/132300 files
Finished 1304/132300 files
Finished 1305/132300 files
Finished 1306/132300 files
Finished 1307/132300 files
Finished 1308/132300 files
Finished 1309/132300 files
Finished 1310/132300 files
Finished 1311/132300 files
Finished 1312/132300 files
Finished 1313/132300 files
Finished 1314/132300 files
Finished 1315/132300 files
Finished 1316/132300 files
Finished 1317/132300 files
Finished 1318/132300 files
Finished 1319/132300 files
Finished 1320/132300 files
Finished 1321/132300 files
Finished 1322/132300 files
Finished 1323/132300 files
Finished 1324/132300 files
Finished 1325/132300 files
Finished 1326/132300 files
Finished 1327/132300 files
Finished 1328/132300 files
Finished 1329/132300 files
Finished 1330/132300 files
Finished 1331/132300 files
Finished 1332/132300 files
Finished 1333/132300 files
Finished 1334/132300 files
Finished 1335/132300 files
Finished 1336/132300 files
Finished 1337/132300 files
Finished 1338/132300 files
Finished 1339/132300 files
Finished 1340/132300 files
Finished 1341/132300 files
Finished 1342/132300 files
Finished 1343/132300 files
Finished 1344/132300 files
Finished 1345/132300 files
Finished 1346/132300 files
Finished 1347/132300 files
Finished 1348/132300 files
Finished 1349/132300 files
Finished 1350/132300 files
Finished 1351/132300 files
Finished 1352/132300 files
Finished 1353/132300 files
Finished 1354/132300 files
Finished 1355/132300 files
Finished 1356/132300 files
Finished 1357/132300 files
Finished 1358/132300 files
Finished 1359/132300 files
Finished 1360/132300 files
Finished 1361/132300 files
Finished 1362/132300 files
Finished 1363/132300 files
Finished 1364/132300 files
Finished 1365/132300 files
Finished 1366/132300 files
Finished 1367/132300 files
Finished 1368/132300 files
Finished 1369/132300 files
Finished 1370/132300 files
Finished 1371/132300 files
Finished 1372/132300 files
Finished 1373/132300 files
Finished 1374/132300 files
Finished 1375/132300 files
Finished 1376/132300 files
Finished 1377/132300 files
Finished 1378/132300 files
Finished 1379/132300 files
Finished 1380/132300 files
Finished 1381/132300 files
Finished 1382/132300 files
Finished 1383/132300 files
Finished 1384/132300 files
Finished 1385/132300 files
Finished 1386/132300 files
Finished 1387/132300 files
Finished 1388/132300 files
Finished 1389/132300 files
Finished 1390/132300 files
Finished 1391/132300 files
Finished 1392/132300 files
Finished 1393/132300 files
Finished 1394/132300 files
Finished 1395/132300 files
Finished 1396/132300 files
Finished 1397/132300 files
Finished 1398/132300 files
Finished 1399/132300 files
Finished 1400/132300 files
Finished 1401/132300 files
Finished 1402/132300 files
Finished 1403/132300 files
Finished 1404/132300 files
Finished 1405/132300 files
Finished 1406/132300 files
Finished 1407/132300 files
Finished 1408/132300 files
Finished 1409/132300 files
Finished 1410/132300 files
Finished 1411/132300 files
Finished 1412/132300 files
Finished 1413/132300 files
Finished 1414/132300 files
Finished 1415/132300 files
Finished 1416/132300 files
Finished 1417/132300 files
Finished 1418/132300 files
Finished 1419/132300 files
Finished 1420/132300 files
Finished 1421/132300 files
Finished 1422/132300 files
Finished 1423/132300 files
Finished 1424/132300 files
Finished 1425/132300 files
Finished 1426/132300 files
Finished 1427/132300 files
Finished 1428/132300 files
Finished 1429/132300 files
Finished 1430/132300 files
Finished 1431/132300 files
Finished 1432/132300 files
Finished 1433/132300 files
Finished 1434/132300 files
Finished 1435/132300 files
Finished 1436/132300 files
Finished 1437/132300 files
Finished 1438/132300 files
Finished 1439/132300 files
Finished 1440/132300 files
Finished 1441/132300 files
Finished 1442/132300 files
Finished 1443/132300 files
Finished 1444/132300 files
Finished 1445/132300 files
Finished 1446/132300 files
Finished 1447/132300 files
Finished 1448/132300 files
Finished 1449/132300 files
Finished 1450/132300 files
Finished 1451/132300 files
Finished 1452/132300 files
Finished 1453/132300 files
Finished 1454/132300 files
Finished 1455/132300 files
Finished 1456/132300 files
Finished 1457/132300 files
Finished 1458/132300 files
Finished 1459/132300 files
Finished 1460/132300 files
Finished 1461/132300 files
Finished 1462/132300 files
Finished 1463/132300 files
Finished 1464/132300 files
Finished 1465/132300 files
Finished 1466/132300 files
Finished 1467/132300 files
Finished 1468/132300 files
Finished 1469/132300 files
Finished 1470/132300 files
Finished 1471/132300 files
Finished 1472/132300 files
Finished 1473/132300 files
Finished 1474/132300 files
Finished 1475/132300 files
Finished 1476/132300 files
Finished 1477/132300 files
Finished 1478/132300 files
Finished 1479/132300 files
Finished 1480/132300 files
Finished 1481/132300 files
Finished 1482/132300 files
Finished 1483/132300 files
Finished 1484/132300 files
Finished 1485/132300 files
Finished 1486/132300 files
Finished 1487/132300 files
Finished 1488/132300 files
Finished 1489/132300 files
Finished 1490/132300 files
Finished 1491/132300 files
Finished 1492/132300 files
Finished 1493/132300 files
Finished 1494/132300 files
Finished 1495/132300 files
Finished 1496/132300 files
Finished 1497/132300 files
Finished 1498/132300 files
Finished 1499/132300 files
Finished 1500/132300 files
Finished 1501/132300 files
Finished 1502/132300 files
Finished 1503/132300 files
Finished 1504/132300 files
Finished 1505/132300 files
Finished 1506/132300 files
Finished 1507/132300 files
Finished 1508/132300 files
Finished 1509/132300 files
Finished 1510/132300 files
Finished 1511/132300 files
Finished 1512/132300 files
Finished 1513/132300 files
Finished 1514/132300 files
Finished 1515/132300 files
Finished 1516/132300 files
Finished 1517/132300 files
Finished 1518/132300 files
Finished 1519/132300 files
Finished 1520/132300 files
Finished 1521/132300 files
Finished 1522/132300 files
Finished 1523/132300 files
Finished 1524/132300 files
Finished 1525/132300 files
Finished 1526/132300 files
Finished 1527/132300 files
Finished 1528/132300 files
Finished 1529/132300 files
Finished 1530/132300 files
Finished 1531/132300 files
Finished 1532/132300 files
Finished 1533/132300 files
Finished 1534/132300 files
Finished 1535/132300 files
Finished 1536/132300 files
Finished 1537/132300 files
Finished 1538/132300 files
Finished 1539/132300 files
Finished 1540/132300 files
Finished 1541/132300 files
Finished 1542/132300 files
Finished 1543/132300 files
Finished 1544/132300 files
Finished 1545/132300 files
Finished 1546/132300 files
Finished 1547/132300 files
Finished 1548/132300 files
Finished 1549/132300 files
Finished 1550/132300 files
Finished 1551/132300 files
Finished 1552/132300 files
Finished 1553/132300 files
Finished 1554/132300 files
Finished 1555/132300 files
Finished 1556/132300 files
Finished 1557/132300 files
Finished 1558/132300 files
Finished 1559/132300 files
Finished 1560/132300 files
Finished 1561/132300 files
Finished 1562/132300 files
Finished 1563/132300 files
Finished 1564/132300 files
Finished 1565/132300 files
Finished 1566/132300 files
Finished 1567/132300 files
Finished 1568/132300 files
Finished 1569/132300 files
Finished 1570/132300 files
Finished 1571/132300 files
Finished 1572/132300 files
Finished 1573/132300 files
Finished 1574/132300 files
Finished 1575/132300 files
Finished 1576/132300 files
Finished 1577/132300 files
Finished 1578/132300 files
Finished 1579/132300 files
Finished 1580/132300 files
Finished 1581/132300 files
Finished 1582/132300 files
Finished 1583/132300 files
Finished 1584/132300 files
Finished 1585/132300 files
Finished 1586/132300 files
Finished 1587/132300 files
Finished 1588/132300 files
Finished 1589/132300 files
Finished 1590/132300 files
Finished 1591/132300 files
Finished 1592/132300 files
Finished 1593/132300 files
Finished 1594/132300 files
Finished 1595/132300 files
Finished 1596/132300 files
Finished 1597/132300 files
Finished 1598/132300 files
Finished 1599/132300 files
Finished 1600/132300 files
Finished 1601/132300 files
Finished 1602/132300 files
Finished 1603/132300 files
Finished 1604/132300 files
Finished 1605/132300 files
Finished 1606/132300 files
Finished 1607/132300 files
Finished 1608/132300 files
Finished 1609/132300 files
Finished 1610/132300 files
Finished 1611/132300 files
Finished 1612/132300 files
Finished 1613/132300 files
Finished 1614/132300 files
Finished 1615/132300 files
Finished 1616/132300 files
Finished 1617/132300 files
Finished 1618/132300 files
Finished 1619/132300 files
Finished 1620/132300 files
Finished 1621/132300 files
Finished 1622/132300 files
Finished 1623/132300 files
Finished 1624/132300 files
Finished 1625/132300 files
Finished 1626/132300 files
Finished 1627/132300 files
Finished 1628/132300 files
Finished 1629/132300 files
Finished 1630/132300 files
Finished 1631/132300 files
Finished 1632/132300 files
Finished 1633/132300 files
Finished 1634/132300 files
Finished 1635/132300 files
Finished 1636/132300 files
Finished 1637/132300 files
Finished 1638/132300 files
Finished 1639/132300 files
Finished 1640/132300 files
Finished 1641/132300 files
Finished 1642/132300 files
Finished 1643/132300 files
Finished 1644/132300 files
Finished 1645/132300 files
Finished 1646/132300 files
Finished 1647/132300 files
Finished 1648/132300 files
Finished 1649/132300 files
Finished 1650/132300 files
Finished 1651/132300 files
Finished 1652/132300 files
Finished 1653/132300 files
Finished 1654/132300 files
Finished 1655/132300 files
Finished 1656/132300 files
Finished 1657/132300 files
Finished 1658/132300 files
Finished 1659/132300 files
Finished 1660/132300 files
Finished 1661/132300 files
Finished 1662/132300 files
Finished 1663/132300 files
Finished 1664/132300 files
Finished 1665/132300 files
Finished 1666/132300 files
Finished 1667/132300 files
Finished 1668/132300 files
Finished 1669/132300 files
Finished 1670/132300 files
Finished 1671/132300 files
Finished 1672/132300 files
Finished 1673/132300 files
Finished 1674/132300 files
Finished 1675/132300 files
Finished 1676/132300 files
Finished 1677/132300 files
Finished 1678/132300 files
Finished 1679/132300 files
Finished 1680/132300 files
Finished 1681/132300 files
Finished 1682/132300 files
Finished 1683/132300 files
Finished 1684/132300 files
Finished 1685/132300 files
Finished 1686/132300 files
Finished 1687/132300 files
Finished 1688/132300 files
Finished 1689/132300 files
Finished 1690/132300 files