Finished 0/120 files
Finished 1/120 files
Finished 2/120 files
Finished 3/120 files
Finished 4/120 files
Finished 5/120 files
Finished 6/120 files
Finished 7/120 files
Finished 8/120 files
Finished 9/120 files
Finished 10/120 files
Finished 11/120 files
Finished 12/120 files
Finished 13/120 files
Finished 14/120 files
Finished 15/120 files
Finished 16/120 files
Finished 17/120 files
Finished 18/120 files
Finished 19/120 files
Finished 20/120 files
Finished 21/120 files
Finished 22/120 files
Finished 23/120 files
Finished 24/120 files
Finished 25/120 files
Finished 26/120 files
Finished 27/120 files
Finished 28/120 files
Finished 29/120 files
Finished 30/120 files
Finished 31/120 files
Finished 32/120 files
Finished 33/120 files
Finished 34/120 files
Finished 35/120 files
Finished 36/120 files
Finished 37/120 files
Finished 38/120 files
Finished 39/120 files
Finished 40/120 files
Finished 41/120 files
Finished 42/120 files
Finished 43/120 files
Finished 44/120 files
Finished 45/120 files
Finished 46/120 files
Finished 47/120 files
Finished 48/120 files
Finished 49/120 files
Finished 50/120 files
Finished 51/120 files
Finished 52/120 files
Finished 53/120 files
Finished 54/120 files
Finished 55/120 files
Finished 56/120 files
Finished 57/120 files
Finished 58/120 files
Finished 59/120 files
Finished 60/120 files
Finished 61/120 files
Finished 62/120 files
Finished 63/120 files
Finished 64/120 files
Finished 65/120 files
Finished 66/120 files
Finished 67/120 files
Finished 68/120 files
Finished 69/120 files
Finished 70/120 files
Finished 71/120 files
Finished 72/120 files
Finished 73/120 files
Finished 74/120 files
Finished 75/120 files
Finished 76/120 files
Finished 77/120 files
Finished 78/120 files
Finished 79/120 files
Finished 80/120 files
Finished 81/120 files
Finished 82/120 files
Finished 83/120 files
Finished 84/120 files
Finished 85/120 files
Finished 86/120 files
Finished 87/120 files
Finished 88/120 files
Finished 89/120 files
Finished 90/120 files
Finished 91/120 files
Finished 92/120 files
Finished 93/120 files
Finished 94/120 files
Finished 95/120 files
Finished 96/120 files
Finished 97/120 files
Finished 98/120 files
Finished 99/120 files
Finished 100/120 files
Finished 101/120 files
Finished 102/120 files
Finished 103/120 files
Finished 104/120 files
Finished 105/120 files
Finished 106/120 files
Finished 107/120 files
Finished 108/120 files
Finished 109/120 files
Finished 110/120 files
Finished 111/120 files
Finished 112/120 files
Finished 113/120 files
Finished 114/120 files
Finished 115/120 files
Finished 116/120 files
Finished 117/120 files
Finished 118/120 files
Finished 119/120 files
==================================================
completed 05 - Nadopasana - Begada.mp3
==================================================
Finished 0/113 files
Finished 1/113 files
Finished 2/113 files
Finished 3/113 files
Finished 4/113 files
Finished 5/113 files
Finished 6/113 files
Finished 7/113 files
Finished 8/113 files
Finished 9/113 files
Finished 10/113 files
Finished 11/113 files
Finished 12/113 files
Finished 13/113 files
Finished 14/113 files
Finished 15/113 files
Finished 16/113 files
Finished 17/113 files
Finished 18/113 files
Finished 19/113 files
Finished 20/113 files
Finished 21/113 files
Finished 22/113 files
Finished 23/113 files
Finished 24/113 files
Finished 25/113 files
Finished 26/113 files
Finished 27/113 files
Finished 28/113 files
Finished 29/113 files
Finished 30/113 files
Finished 31/113 files
Finished 32/113 files
Finished 33/113 files
Finished 34/113 files
Finished 35/113 files
Finished 36/113 files
Finished 37/113 files
Finished 38/113 files
Finished 39/113 files
Finished 40/113 files
Finished 41/113 files
Finished 42/113 files
Finished 43/113 files
Finished 44/113 files
Finished 45/113 files
Finished 46/113 files
Finished 47/113 files
Finished 48/113 files
Finished 49/113 files
Finished 50/113 files
Finished 51/113 files
Finished 52/113 files
Finished 53/113 files
Finished 54/113 files
Finished 55/113 files
Finished 56/113 files
Finished 57/113 files
Finished 58/113 files
Finished 59/113 files
Finished 60/113 files
Finished 61/113 files
Finished 62/113 files
Finished 63/113 files
Finished 64/113 files
Finished 65/113 files
Finished 66/113 files
Finished 67/113 files
Finished 68/113 files
Finished 69/113 files
Finished 70/113 files
Finished 71/113 files
Finished 72/113 files
Finished 73/113 files
Finished 74/113 files
Finished 75/113 files
Finished 76/113 files
Finished 77/113 files
Finished 78/113 files
Finished 79/113 files
Finished 80/113 files
Finished 81/113 files
Finished 82/113 files
Finished 83/113 files
Finished 84/113 files
Finished 85/113 files
Finished 86/113 files
Finished 87/113 files
Finished 88/113 files
Finished 89/113 files
Finished 90/113 files
Finished 91/113 files
Finished 92/113 files
Finished 93/113 files
Finished 94/113 files
Finished 95/113 files
Finished 96/113 files
Finished 97/113 files
Finished 98/113 files
Finished 99/113 files
Finished 100/113 files
Finished 101/113 files
Finished 102/113 files
Finished 103/113 files
Finished 104/113 files
Finished 105/113 files
Finished 106/113 files
Finished 107/113 files
Finished 108/113 files
Finished 109/113 files
Finished 110/113 files
Finished 111/113 files
Finished 112/113 files
==================================================
completed 05. nAdopAsana - bEgaDa - Adi.mp3
==================================================
Finished 0/45 files
Finished 1/45 files
Finished 2/45 files
Finished 3/45 files
Finished 4/45 files
Finished 5/45 files
Finished 6/45 files
Finished 7/45 files
Finished 8/45 files
Finished 9/45 files
Finished 10/45 files
Finished 11/45 files
Finished 12/45 files
Finished 13/45 files
Finished 14/45 files
Finished 15/45 files
Finished 16/45 files
Finished 17/45 files
Finished 18/45 files
Finished 19/45 files
Finished 20/45 files
Finished 21/45 files
Finished 22/45 files
Finished 23/45 files
Finished 24/45 files
Finished 25/45 files
Finished 26/45 files
Finished 27/45 files
Finished 28/45 files
Finished 29/45 files
Finished 30/45 files
Finished 31/45 files
Finished 32/45 files
Finished 33/45 files
Finished 34/45 files
Finished 35/45 files
Finished 36/45 files
Finished 37/45 files
Finished 38/45 files
Finished 39/45 files
Finished 40/45 files
Finished 41/45 files
Finished 42/45 files
Finished 43/45 files
Finished 44/45 files
==================================================
completed 01 - Intha chalamu(Varnam) - Begada.mp3
==================================================
Finished 0/238 files
Finished 1/238 files
Finished 2/238 files
Finished 3/238 files
Finished 4/238 files
Finished 5/238 files
Finished 6/238 files
Finished 7/238 files
Finished 8/238 files
Finished 9/238 files
Finished 10/238 files
Finished 11/238 files
Finished 12/238 files
Finished 13/238 files
Finished 14/238 files
Finished 15/238 files
Finished 16/238 files
Finished 17/238 files
Finished 18/238 files
Finished 19/238 files
Finished 20/238 files
Finished 21/238 files
Finished 22/238 files
Finished 23/238 files
Finished 24/238 files
Finished 25/238 files
Finished 26/238 files
Finished 27/238 files
Finished 28/238 files
Finished 29/238 files
Finished 30/238 files
Finished 31/238 files
Finished 32/238 files
Finished 33/238 files
Finished 34/238 files
Finished 35/238 files
Finished 36/238 files
Finished 37/238 files
Finished 38/238 files
Finished 39/238 files
Finished 40/238 files
Finished 41/238 files
Finished 42/238 files
Finished 43/238 files
Finished 44/238 files
Finished 45/238 files
Finished 46/238 files
Finished 47/238 files
Finished 48/238 files
Finished 49/238 files
Finished 50/238 files
Finished 51/238 files
Finished 52/238 files
Finished 53/238 files
Finished 54/238 files
Finished 55/238 files
Finished 56/238 files
Finished 57/238 files
Finished 58/238 files
Finished 59/238 files
Finished 60/238 files
Finished 61/238 files
Finished 62/238 files
Finished 63/238 files
Finished 64/238 files
Finished 65/238 files
Finished 66/238 files
Finished 67/238 files
Finished 68/238 files
Finished 69/238 files
Finished 70/238 files
Finished 71/238 files
Finished 72/238 files
Finished 73/238 files
Finished 74/238 files
Finished 75/238 files
Finished 76/238 files/home/chenna/.local/lib/python3.5/site-packages/librosa/core/audio.py:146: UserWarning: PySoundFile failed. Trying audioread instead.
  warnings.warn('PySoundFile failed. Trying audioread instead.')
/home/chenna/.local/lib/python3.5/site-packages/matplotlib/axes/_base.py:2575: UserWarning: aspect is not supported for Axes with xscale=linear, yscale=log
  self.apply_aspect()
/home/chenna/.local/lib/python3.5/site-packages/matplotlib/image.py:857: UserWarning: Attempted to set non-positive top ylim on a log-scaled axis.
Invalid limit will be ignored.
  self.axes.set_ylim((ymin, ymax), auto=None)
/home/chenna/.local/lib/python3.5/site-packages/librosa/core/audio.py:146: UserWarning: PySoundFile failed. Trying audioread instead.
  warnings.warn('PySoundFile failed. Trying audioread instead.')
/home/chenna/.local/lib/python3.5/site-packages/matplotlib/image.py:857: UserWarning: Attempted to set non-positive top ylim on a log-scaled axis.
Invalid limit will be ignored.
  self.axes.set_ylim((ymin, ymax), auto=None)
/home/chenna/.local/lib/python3.5/site-packages/matplotlib/axes/_base.py:2575: UserWarning: aspect is not supported for Axes with xscale=linear, yscale=log
  self.apply_aspect()
/home/chenna/.local/lib/python3.5/site-packages/librosa/core/audio.py:146: UserWarning: PySoundFile failed. Trying audioread instead.
  warnings.warn('PySoundFile failed. Trying audioread instead.')
/home/chenna/.local/lib/python3.5/site-packages/matplotlib/image.py:857: UserWarning: Attempted to set non-positive top ylim on a log-scaled axis.
Invalid limit will be ignored.
  self.axes.set_ylim((ymin, ymax), auto=None)
/home/chenna/.local/lib/python3.5/site-packages/matplotlib/axes/_base.py:2575: UserWarning: aspect is not supported for Axes with xscale=linear, yscale=log
  self.apply_aspect()
/home/chenna/.local/lib/python3.5/site-packages/librosa/core/audio.py:146: UserWarning: PySoundFile failed. Trying audioread instead.
  warnings.warn('PySoundFile failed. Trying audioread instead.')
/home/chenna/.local/lib/python3.5/site-packages/matplotlib/image.py:857: UserWarning: Attempted to set non-positive top ylim on a log-scaled axis.
Invalid limit will be ignored.
  self.axes.set_ylim((ymin, ymax), auto=None)
/home/chenna/.local/lib/python3.5/site-packages/matplotlib/axes/_base.py:2575: UserWarning: aspect is not supported for Axes with xscale=linear, yscale=log
  self.apply_aspect()
/home/chenna/.local/lib/python3.5/site-packages/librosa/core/audio.py:146: UserWarning: PySoundFile failed. Trying audioread instead.
  warnings.warn('PySoundFile failed. Trying audioread instead.')
/home/chenna/.local/lib/python3.5/site-packages/matplotlib/image.py:857: UserWarning: Attempted to set non-positive top ylim on a log-scaled axis.
Invalid limit will be ignored.
  self.axes.set_ylim((ymin, ymax), auto=None)
/home/chenna/.local/lib/python3.5/site-packages/matplotlib/axes/_base.py:2575: UserWarning: aspect is not supported for Axes with xscale=linear, yscale=log
  self.apply_aspect()
/home/chenna/.local/lib/python3.5/site-packages/librosa/core/audio.py:146: UserWarning: PySoundFile failed. Trying audioread instead.
  warnings.warn('PySoundFile failed. Trying audioread instead.')
/home/chenna/.local/lib/python3.5/site-packages/matplotlib/image.py:857: UserWarning: Attempted to set non-positive top ylim on a log-scaled axis.
Invalid limit will be ignored.
  self.axes.set_ylim((ymin, ymax), auto=None)
/home/chenna/.local/lib/python3.5/site-packages/matplotlib/axes/_base.py:2575: UserWarning: aspect is not supported for Axes with xscale=linear, yscale=log
  self.apply_aspect()

Finished 77/238 files
Finished 78/238 files
Finished 79/238 files
Finished 80/238 files
Finished 81/238 files
Finished 82/238 files
Finished 83/238 files
Finished 84/238 files
Finished 85/238 files
Finished 86/238 files
Finished 87/238 files
Finished 88/238 files
Finished 89/238 files
Finished 90/238 files
Finished 91/238 files
Finished 92/238 files
Finished 93/238 files
Finished 94/238 files
Finished 95/238 files
Finished 96/238 files
Finished 97/238 files
Finished 98/238 files
Finished 99/238 files
Finished 100/238 files
Finished 101/238 files
Finished 102/238 files
Finished 103/238 files
Finished 104/238 files
Finished 105/238 files
Finished 106/238 files
Finished 107/238 files
Finished 108/238 files
Finished 109/238 files
Finished 110/238 files
Finished 111/238 files
Finished 112/238 files
Finished 113/238 files
Finished 114/238 files
Finished 115/238 files
Finished 116/238 files
Finished 117/238 files
Finished 118/238 files
Finished 119/238 files
Finished 120/238 files
Finished 121/238 files
Finished 122/238 files
Finished 123/238 files
Finished 124/238 files
Finished 125/238 files
Finished 126/238 files
Finished 127/238 files
Finished 128/238 files
Finished 129/238 files
Finished 130/238 files
Finished 131/238 files
Finished 132/238 files
Finished 133/238 files
Finished 134/238 files
Finished 135/238 files
Finished 136/238 files
Finished 137/238 files
Finished 138/238 files
Finished 139/238 files
Finished 140/238 files
Finished 141/238 files
Finished 142/238 files
Finished 143/238 files
Finished 144/238 files
Finished 145/238 files
Finished 146/238 files
Finished 147/238 files
Finished 148/238 files
Finished 149/238 files
Finished 150/238 files
Finished 151/238 files
Finished 152/238 files
Finished 153/238 files
Finished 154/238 files
Finished 155/238 files
Finished 156/238 files
Finished 157/238 files
Finished 158/238 files
Finished 159/238 files
Finished 160/238 files
Finished 161/238 files
Finished 162/238 files
Finished 163/238 files
Finished 164/238 files
Finished 165/238 files
Finished 166/238 files
Finished 167/238 files
Finished 168/238 files
Finished 169/238 files
Finished 170/238 files
Finished 171/238 files
Finished 172/238 files
Finished 173/238 files
Finished 174/238 files
Finished 175/238 files
Finished 176/238 files
Finished 177/238 files
Finished 178/238 files
Finished 179/238 files
Finished 180/238 files
Finished 181/238 files
Finished 182/238 files
Finished 183/238 files
Finished 184/238 files
Finished 185/238 files
Finished 186/238 files
Finished 187/238 files
Finished 188/238 files
Finished 189/238 files
Finished 190/238 files
Finished 191/238 files
Finished 192/238 files
Finished 193/238 files
Finished 194/238 files
Finished 195/238 files
Finished 196/238 files
Finished 197/238 files
Finished 198/238 files
Finished 199/238 files
Finished 200/238 files
Finished 201/238 files
Finished 202/238 files
Finished 203/238 files
Finished 204/238 files
Finished 205/238 files
Finished 206/238 files
Finished 207/238 files
Finished 208/238 files
Finished 209/238 files
Finished 210/238 files
Finished 211/238 files
Finished 212/238 files
Finished 213/238 files
Finished 214/238 files
Finished 215/238 files
Finished 216/238 files
Finished 217/238 files
Finished 218/238 files
Finished 219/238 files
Finished 220/238 files
Finished 221/238 files
Finished 222/238 files
Finished 223/238 files
Finished 224/238 files
Finished 225/238 files
Finished 226/238 files
Finished 227/238 files
Finished 228/238 files
Finished 229/238 files
Finished 230/238 files
Finished 231/238 files
Finished 232/238 files
Finished 233/238 files
Finished 234/238 files
Finished 235/238 files
Finished 236/238 files
Finished 237/238 files
==================================================
completed 1a - RTP-Begada-Ragam.mp3
==================================================
Finished 0/32 files
Finished 1/32 files
Finished 2/32 files
Finished 3/32 files
Finished 4/32 files
Finished 5/32 files
Finished 6/32 files
Finished 7/32 files
Finished 8/32 files
Finished 9/32 files
Finished 10/32 files
Finished 11/32 files
Finished 12/32 files
Finished 13/32 files
Finished 14/32 files
Finished 15/32 files
Finished 16/32 files
Finished 17/32 files
Finished 18/32 files
Finished 19/32 files
Finished 20/32 files
Finished 21/32 files
Finished 22/32 files
Finished 23/32 files
Finished 24/32 files
Finished 25/32 files
Finished 26/32 files
Finished 27/32 files
Finished 28/32 files
Finished 29/32 files
Finished 30/32 files
==================================================
completed 01 - Dayanidhe (varnam) - Begada.mp3
==================================================
Finished 0/69 files
Finished 1/69 files
Finished 2/69 files
Finished 3/69 files
Finished 4/69 files
Finished 5/69 files
Finished 6/69 files
Finished 7/69 files
Finished 8/69 files
Finished 9/69 files
Finished 10/69 files
Finished 11/69 files
Finished 12/69 files
Finished 13/69 files
Finished 14/69 files
Finished 15/69 files
Finished 16/69 files
Finished 17/69 files
Finished 18/69 files
Finished 19/69 files
Finished 20/69 files
Finished 21/69 files
Finished 22/69 files
Finished 23/69 files
Finished 24/69 files
Finished 25/69 files
Finished 26/69 files
Finished 27/69 files
Finished 28/69 files
Finished 29/69 files
Finished 30/69 files
Finished 31/69 files
Finished 32/69 files
Finished 33/69 files
Finished 34/69 files
Finished 35/69 files
Finished 36/69 files
Finished 37/69 files
Finished 38/69 files
Finished 39/69 files
Finished 40/69 files
Finished 41/69 files
Finished 42/69 files
Finished 43/69 files
Finished 44/69 files
Finished 45/69 files
Finished 46/69 files
Finished 47/69 files
Finished 48/69 files
Finished 49/69 files
Finished 50/69 files
Finished 51/69 files
Finished 52/69 files
Finished 53/69 files
Finished 54/69 files
Finished 55/69 files
Finished 56/69 files
Finished 57/69 files
Finished 58/69 files
Finished 59/69 files
Finished 60/69 files
Finished 61/69 files
Finished 62/69 files
Finished 63/69 files
Finished 64/69 files
Finished 65/69 files
Finished 66/69 files
Finished 67/69 files
==================================================
completed 03 - Sankari Neeva - Begada.mp3
==================================================
