/home/chenna/.local/lib/python3.5/site-packages/librosa/core/audio.py:146: UserWarning: PySoundFile failed. Trying audioread instead.
  warnings.warn('PySoundFile failed. Trying audioread instead.')
/home/chenna/.local/lib/python3.5/site-packages/matplotlib/axes/_base.py:2575: UserWarning: aspect is not supported for Axes with xscale=linear, yscale=log
  self.apply_aspect()
/home/chenna/.local/lib/python3.5/site-packages/matplotlib/image.py:857: UserWarning: Attempted to set non-positive top ylim on a log-scaled axis.
Invalid limit will be ignored.
  self.axes.set_ylim((ymin, ymax), auto=None)
Finished 0/30 files
Finished 1/30 files
Finished 2/30 files
Finished 3/30 files
Finished 4/30 files
Finished 5/30 files
Finished 6/30 files
Finished 7/30 files
Finished 8/30 files
Finished 9/30 files
Finished 10/30 files
Finished 11/30 files
Finished 12/30 files
Finished 13/30 files
Finished 14/30 files
Finished 15/30 files
Finished 16/30 files
Finished 17/30 files
Finished 18/30 files
Finished 19/30 files
Finished 20/30 files
Finished 21/30 files
Finished 22/30 files
Finished 23/30 files
Finished 24/30 files
Finished 25/30 files
Finished 26/30 files
Finished 27/30 files
Finished 28/30 files
Finished 29/30 files
/home/chenna/.local/lib/python3.5/site-packages/librosa/core/audio.py:146: UserWarning: PySoundFile failed. Trying audioread instead.
  warnings.warn('PySoundFile failed. Trying audioread instead.')
/home/chenna/.local/lib/python3.5/site-packages/matplotlib/axes/_base.py:2575: UserWarning: aspect is not supported for Axes with xscale=linear, yscale=log
  self.apply_aspect()
/home/chenna/.local/lib/python3.5/site-packages/matplotlib/image.py:857: UserWarning: Attempted to set non-positive top ylim on a log-scaled axis.
Invalid limit will be ignored.
  self.axes.set_ylim((ymin, ymax), auto=None)
Finished 0/109 files
Finished 1/109 files
Finished 2/109 files
Finished 3/109 files
Finished 4/109 files
Finished 5/109 files
Finished 6/109 files
Finished 7/109 files
Finished 8/109 files
Finished 9/109 files
Finished 10/109 files
Finished 11/109 files
Finished 12/109 files
Finished 13/109 files
Finished 14/109 files
Finished 15/109 files
Finished 16/109 files
Finished 17/109 files
Finished 18/109 files
Finished 19/109 files
Finished 20/109 files
Finished 21/109 files
Finished 22/109 files
Finished 23/109 files
Finished 24/109 files
Finished 25/109 files
Finished 26/109 files
Finished 27/109 files
Finished 28/109 files
Finished 29/109 files
Finished 30/109 files
Finished 31/109 files
Finished 32/109 files
Finished 33/109 files
Finished 34/109 files
Finished 35/109 files
Finished 36/109 files
Finished 37/109 files
Finished 38/109 files
Finished 39/109 files
Finished 40/109 files
Finished 41/109 files
Finished 42/109 files
Finished 43/109 files
Finished 44/109 files
Finished 45/109 files
Finished 46/109 files
Finished 47/109 files
Finished 48/109 files
Finished 49/109 files
Finished 50/109 files
Finished 51/109 files
Finished 52/109 files
Finished 53/109 files
Finished 54/109 files
Finished 55/109 files
Finished 56/109 files
Finished 57/109 files
Finished 58/109 files
Finished 59/109 files
Finished 60/109 files
Finished 61/109 files
Finished 62/109 files
Finished 63/109 files
Finished 64/109 files
Finished 65/109 files
Finished 66/109 files
Finished 67/109 files
Finished 68/109 files
Finished 69/109 files
Finished 70/109 files
Finished 71/109 files
Finished 72/109 files
Finished 73/109 files
Finished 74/109 files
Finished 75/109 files
Finished 76/109 files
Finished 77/109 files
Finished 78/109 files
Finished 79/109 files
Finished 80/109 files
Finished 81/109 files
Finished 82/109 files
Finished 83/109 files
Finished 84/109 files
Finished 85/109 files
Finished 86/109 files
Finished 87/109 files
Finished 88/109 files
Finished 89/109 files
Finished 90/109 files
Finished 91/109 files
Finished 92/109 files
Finished 93/109 files
Finished 94/109 files
Finished 95/109 files
Finished 96/109 files
Finished 97/109 files
Finished 98/109 files
Finished 99/109 files
Finished 100/109 files
Finished 101/109 files
Finished 102/109 files
Finished 103/109 files
Finished 104/109 files
Finished 105/109 files
Finished 106/109 files
Finished 107/109 files
Finished 108/109 files
/home/chenna/.local/lib/python3.5/site-packages/librosa/core/audio.py:146: UserWarning: PySoundFile failed. Trying audioread instead.
  warnings.warn('PySoundFile failed. Trying audioread instead.')
/home/chenna/.local/lib/python3.5/site-packages/matplotlib/axes/_base.py:2575: UserWarning: aspect is not supported for Axes with xscale=linear, yscale=log
  self.apply_aspect()
/home/chenna/.local/lib/python3.5/site-packages/matplotlib/image.py:857: UserWarning: Attempted to set non-positive top ylim on a log-scaled axis.
Invalid limit will be ignored.
  self.axes.set_ylim((ymin, ymax), auto=None)
Finished 0/93 files
Finished 1/93 files
Finished 2/93 files
Finished 3/93 files
Finished 4/93 files
Finished 5/93 files
Finished 6/93 files
Finished 7/93 files
Finished 8/93 files
Finished 9/93 files
Finished 10/93 files
Finished 11/93 files
Finished 12/93 files
Finished 13/93 files
Finished 14/93 files
Finished 15/93 files
Finished 16/93 files
Finished 17/93 files
Finished 18/93 files
Finished 19/93 files
Finished 20/93 files
Finished 21/93 files
Finished 22/93 files
Finished 23/93 files
Finished 24/93 files
Finished 25/93 files
Finished 26/93 files
Finished 27/93 files
Finished 28/93 files
Finished 29/93 files
Finished 30/93 files
Finished 31/93 files
Finished 32/93 files
Finished 33/93 files
Finished 34/93 files
Finished 35/93 files
Finished 36/93 files
Finished 37/93 files
Finished 38/93 files
Finished 39/93 files
Finished 40/93 files
Finished 41/93 files
Finished 42/93 files
Finished 43/93 files
Finished 44/93 files
Finished 45/93 files
Finished 46/93 files
Finished 47/93 files
Finished 48/93 files
Finished 49/93 files
Finished 50/93 files
Finished 51/93 files
Finished 52/93 files
Finished 53/93 files
Finished 54/93 files
Finished 55/93 files
Finished 56/93 files
Finished 57/93 files
Finished 58/93 files
Finished 59/93 files
Finished 60/93 files
Finished 61/93 files
Finished 62/93 files
Finished 63/93 files
Finished 64/93 files
Finished 65/93 files
Finished 66/93 files
Finished 67/93 files
Finished 68/93 files
Finished 69/93 files
Finished 70/93 files
Finished 71/93 files
Finished 72/93 files
Finished 73/93 files
Finished 74/93 files
Finished 75/93 files
Finished 76/93 files
Finished 77/93 files
Finished 78/93 files
Finished 79/93 files
Finished 80/93 files
Finished 81/93 files
Finished 82/93 files
Finished 83/93 files
Finished 84/93 files
Finished 85/93 files
Finished 86/93 files
Finished 87/93 files
Finished 88/93 files
Finished 89/93 files
Finished 90/93 files
Finished 91/93 files
Finished 92/93 files
/home/chenna/.local/lib/python3.5/site-packages/librosa/core/audio.py:146: UserWarning: PySoundFile failed. Trying audioread instead.
  warnings.warn('PySoundFile failed. Trying audioread instead.')
/home/chenna/.local/lib/python3.5/site-packages/matplotlib/axes/_base.py:2575: UserWarning: aspect is not supported for Axes with xscale=linear, yscale=log
  self.apply_aspect()
/home/chenna/.local/lib/python3.5/site-packages/matplotlib/image.py:857: UserWarning: Attempted to set non-positive top ylim on a log-scaled axis.
Invalid limit will be ignored.
  self.axes.set_ylim((ymin, ymax), auto=None)
Finished 0/59 files
Finished 1/59 files
Finished 2/59 files
Finished 3/59 files
Finished 4/59 files
Finished 5/59 files
Finished 6/59 files
Finished 7/59 files
Finished 8/59 files
Finished 9/59 files
Finished 10/59 files
Finished 11/59 files
Finished 12/59 files
Finished 13/59 files
Finished 14/59 files
Finished 15/59 files
Finished 16/59 files
Finished 17/59 files
Finished 18/59 files
Finished 19/59 files
Finished 20/59 files
Finished 21/59 files
Finished 22/59 files
Finished 23/59 files
Finished 24/59 files
Finished 25/59 files
Finished 26/59 files
Finished 27/59 files
Finished 28/59 files
Finished 29/59 files
Finished 30/59 files
Finished 31/59 files
Finished 32/59 files
Finished 33/59 files
Finished 34/59 files
Finished 35/59 files
Finished 36/59 files
Finished 37/59 files
Finished 38/59 files
Finished 39/59 files
Finished 40/59 files
Finished 41/59 files
Finished 42/59 files
Finished 43/59 files
Finished 44/59 files
Finished 45/59 files
Finished 46/59 files
Finished 47/59 files
Finished 48/59 files
Finished 49/59 files
Finished 50/59 files
Finished 51/59 files
Finished 52/59 files
Finished 53/59 files
Finished 54/59 files
Finished 55/59 files
Finished 56/59 files
Finished 57/59 files
Finished 58/59 files
/home/chenna/.local/lib/python3.5/site-packages/librosa/core/audio.py:146: UserWarning: PySoundFile failed. Trying audioread instead.
  warnings.warn('PySoundFile failed. Trying audioread instead.')
/home/chenna/.local/lib/python3.5/site-packages/matplotlib/axes/_base.py:2575: UserWarning: aspect is not supported for Axes with xscale=linear, yscale=log
  self.apply_aspect()
/home/chenna/.local/lib/python3.5/site-packages/matplotlib/image.py:857: UserWarning: Attempted to set non-positive top ylim on a log-scaled axis.
Invalid limit will be ignored.
  self.axes.set_ylim((ymin, ymax), auto=None)
Finished 0/86 files
Finished 1/86 files
Finished 2/86 files
Finished 3/86 files
Finished 4/86 files
Finished 5/86 files
Finished 6/86 files
Finished 7/86 files
Finished 8/86 files
Finished 9/86 files
Finished 10/86 files
Finished 11/86 files
Finished 12/86 files
Finished 13/86 files
Finished 14/86 files
Finished 15/86 files
Finished 16/86 files
Finished 17/86 files
Finished 18/86 files
Finished 19/86 files
Finished 20/86 files
Finished 21/86 files
Finished 22/86 files
Finished 23/86 files
Finished 24/86 files
Finished 25/86 files
Finished 26/86 files
Finished 27/86 files
Finished 28/86 files
Finished 29/86 files
Finished 30/86 files
Finished 31/86 files
Finished 32/86 files
Finished 33/86 files
Finished 34/86 files
Finished 35/86 files
Finished 36/86 files
Finished 37/86 files
Finished 38/86 files
Finished 39/86 files
Finished 40/86 files
Finished 41/86 files
Finished 42/86 files
Finished 43/86 files
Finished 44/86 files
Finished 45/86 files
Finished 46/86 files
Finished 47/86 files
Finished 48/86 files
Finished 49/86 files
Finished 50/86 files
Finished 51/86 files
Finished 52/86 files
Finished 53/86 files
Finished 54/86 files
Finished 55/86 files
Finished 56/86 files
Finished 57/86 files
Finished 58/86 files
Finished 59/86 files
Finished 60/86 files
Finished 61/86 files
Finished 62/86 files
Finished 63/86 files
Finished 64/86 files
Finished 65/86 files
Finished 66/86 files
Finished 67/86 files
Finished 68/86 files
Finished 69/86 files
Finished 70/86 files
Finished 71/86 files
Finished 72/86 files
Finished 73/86 files
Finished 74/86 files
Finished 75/86 files
Finished 76/86 files
Finished 77/86 files
Finished 78/86 files
Finished 79/86 files
Finished 80/86 files
Finished 81/86 files
Finished 82/86 files
Finished 83/86 files
Finished 84/86 files
Finished 85/86 files
