Finished 0/101 files
Finished 1/101 files
Finished 2/101 files
Finished 3/101 files
Finished 4/101 files
Finished 5/101 files
Finished 6/101 files
Finished 7/101 files
Finished 8/101 files
Finished 9/101 files
Finished 10/101 files
Finished 11/101 files
Finished 12/101 files
Finished 13/101 files
Finished 14/101 files
Finished 15/101 files
Finished 16/101 files
Finished 17/101 files
Finished 18/101 files
Finished 19/101 files
Finished 20/101 files
Finished 21/101 files
Finished 22/101 files
Finished 23/101 files
Finished 24/101 files
Finished 25/101 files
Finished 26/101 files
Finished 27/101 files
Finished 28/101 files
Finished 29/101 files
Finished 30/101 files
Finished 31/101 files
Finished 32/101 files
Finished 33/101 files
Finished 34/101 files
Finished 35/101 files
Finished 36/101 files
Finished 37/101 files
Finished 38/101 files
Finished 39/101 files
Finished 40/101 files
Finished 41/101 files
Finished 42/101 files
Finished 43/101 files
Finished 44/101 files
Finished 45/101 files
Finished 46/101 files
Finished 47/101 files
Finished 48/101 files
Finished 49/101 files
Finished 50/101 files
Finished 51/101 files
Finished 52/101 files
Finished 53/101 files
Finished 54/101 files
Finished 55/101 files
Finished 56/101 files
Finished 57/101 files
Finished 58/101 files
Finished 59/101 files
Finished 60/101 files
Finished 61/101 files
Finished 62/101 files
Finished 63/101 files
Finished 64/101 files
Finished 65/101 files
Finished 66/101 files
Finished 67/101 files
Finished 68/101 files
Finished 69/101 files
Finished 70/101 files
Finished 71/101 files
Finished 72/101 files
Finished 73/101 files
Finished 74/101 files
Finished 75/101 files
Finished 76/101 files
Finished 77/101 files
Finished 78/101 files
Finished 79/101 files
Finished 80/101 files
Finished 81/101 files
Finished 82/101 files
Finished 83/101 files
Finished 84/101 files
Finished 85/101 files
Finished 86/101 files
Finished 87/101 files
Finished 88/101 files
Finished 89/101 files
Finished 90/101 files
Finished 91/101 files
Finished 92/101 files
Finished 93/101 files
Finished 94/101 files
Finished 95/101 files
Finished 96/101 files
Finished 97/101 files
Finished 98/101 files
Finished 99/101 files
Finished 100/101 files
==================================================
completed 04 - Mohanarama - Mohanam.mp3
==================================================
Finished 0/41 files
Finished 1/41 files
Finished 2/41 files
Finished 3/41 files
Finished 4/41 files
Finished 5/41 files
Finished 6/41 files
Finished 7/41 files
Finished 8/41 files
Finished 9/41 files
Finished 10/41 files
Finished 11/41 files
Finished 12/41 files
Finished 13/41 files
Finished 14/41 files
Finished 15/41 files
Finished 16/41 files
Finished 17/41 files
Finished 18/41 files
Finished 19/41 files
Finished 20/41 files
Finished 21/41 files
Finished 22/41 files
Finished 23/41 files
Finished 24/41 files
Finished 25/41 files
Finished 26/41 files
Finished 27/41 files
Finished 28/41 files
Finished 29/41 files
Finished 30/41 files
Finished 31/41 files
Finished 32/41 files
Finished 33/41 files
Finished 34/41 files
Finished 35/41 files
Finished 36/41 files
Finished 37/41 files
Finished 38/41 files
Finished 39/41 files
Finished 40/41 files
==================================================
completed 06 - Konaro Konaro - Mohana.mp3
==================================================
Finished 0/80 files
Finished 1/80 files
Finished 2/80 files
Finished 3/80 files
Finished 4/80 files
Finished 5/80 files
Finished 6/80 files
Finished 7/80 files
Finished 8/80 files
Finished 9/80 files
Finished 10/80 files
Finished 11/80 files
Finished 12/80 files
Finished 13/80 files
Finished 14/80 files
Finished 15/80 files
Finished 16/80 files
Finished 17/80 files
Finished 18/80 files
Finished 19/80 files
Finished 20/80 files
Finished 21/80 files
Finished 22/80 files
Finished 23/80 files
Finished 24/80 files
Finished 25/80 files
Finished 26/80 files
Finished 27/80 files
Finished 28/80 files
Finished 29/80 files
Finished 30/80 files
Finished 31/80 files
Finished 32/80 files
Finished 33/80 files
Finished 34/80 files
Finished 35/80 files
Finished 36/80 files
Finished 37/80 files
Finished 38/80 files
Finished 39/80 files
Finished 40/80 files
Finished 41/80 files
Finished 42/80 files
Finished 43/80 files
Finished 44/80 files
Finished 45/80 files
Finished 46/80 files
Finished 47/80 files
Finished 48/80 files
Finished 49/80 files
Finished 50/80 files
Finished 51/80 files
Finished 52/80 files
Finished 53/80 files
Finished 54/80 files
Finished 55/80 files
Finished 56/80 files
Finished 57/80 files
Finished 58/80 files
Finished 59/80 files
Finished 60/80 files
Finished 61/80 files
Finished 62/80 files
Finished 63/80 files
Finished 64/80 files
Finished 65/80 files
Finished 66/80 files
Finished 67/80 files
Finished 68/80 files
Finished 69/80 files
Finished 70/80 files
Finished 71/80 files
Finished 72/80 files
Finished 73/80 files
Finished 74/80 files
Finished 75/80 files
Finished 76/80 files
Finished 77/80 files
Finished 78/80 files
Finished 79/80 files
==================================================
completed 02 - Narasimha Agacha - Mohanam.mp3
==================================================
Finished 0/83 files
Finished 1/83 files
Finished 2/83 files
Finished 3/83 files
Finished 4/83 files
Finished 5/83 files
Finished 6/83 files
Finished 7/83 files
Finished 8/83 files
Finished 9/83 files
Finished 10/83 files
Finished 11/83 files
Finished 12/83 files
Finished 13/83 files
Finished 14/83 files
Finished 15/83 files
Finished 16/83 files
Finished 17/83 files
Finished 18/83 files
Finished 19/83 files
Finished 20/83 files
Finished 21/83 files
Finished 22/83 files
Finished 23/83 files
Finished 24/83 files
Finished 25/83 files
Finished 26/83 files
Finished 27/83 files
Finished 28/83 files
Finished 29/83 files
Finished 30/83 files
Finished 31/83 files
Finished 32/83 files
Finished 33/83 files
Finished 34/83 files
Finished 35/83 files
Finished 36/83 files
Finished 37/83 files
Finished 38/83 files
Finished 39/83 files
Finished 40/83 files
Finished 41/83 files
Finished 42/83 files
Finished 43/83 files
Finished 44/83 files
Finished 45/83 files
Finished 46/83 files
Finished 47/83 files
Finished 48/83 files
Finished 49/83 files
Finished 50/83 files
Finished 51/83 files
Finished 52/83 files
Finished 53/83 files
Finished 54/83 files
Finished 55/83 files
Finished 56/83 files
Finished 57/83 files
Finished 58/83 files
Finished 59/83 files
Finished 60/83 files
Finished 61/83 files
Finished 62/83 files
Finished 63/83 files
Finished 64/83 files
Finished 65/83 files
Finished 66/83 files
Finished 67/83 files
Finished 68/83 files
Finished 69/83 files
Finished 70/83 files
Finished 71/83 files
Finished 72/83 files
Finished 73/83 files
Finished 74/83 files
Finished 75/83 files
Finished 76/83 files
Finished 77/83 files
Finished 78/83 files
Finished 79/83 files
Finished 80/83 files
Finished 81/83 files
Finished 82/83 files
==================================================
completed 05 - Mohanam.mp3
==================================================
Finished 0/131 files
Finished 1/131 files
Finished 2/131 files
Finished 3/131 files
Finished 4/131 files
Finished 5/131 files
Finished 6/131 files
Finished 7/131 files
Finished 8/131 files
Finished 9/131 files
Finished 10/131 files
Finished 11/131 files
Finished 12/131 files
Finished 13/131 files
Finished 14/131 files
Finished 15/131 files
Finished 16/131 files
Finished 17/131 files
Finished 18/131 files
Finished 19/131 files
Finished 20/131 files
Finished 21/131 files
Finished 22/131 files
Finished 23/131 files
Finished 24/131 files
Finished 25/131 files
Finished 26/131 files
Finished 27/131 files
Finished 28/131 files
Finished 29/131 files
Finished 30/131 files
Finished 31/131 files
Finished 32/131 files
Finished 33/131 files
Finished 34/131 files
Finished 35/131 files
Finished 36/131 files
Finished 37/131 files
Finished 38/131 files
Finished 39/131 files
Finished 40/131 files
Finished 41/131 files
Finished 42/131 files
Finished 43/131 files
Finished 44/131 files
Finished 45/131 files
Finished 46/131 files
Finished 47/131 files
Finished 48/131 files
Finished 49/131 files
Finished 50/131 files
Finished 51/131 files
Finished 52/131 files
Finished 53/131 files/home/chenna/.local/lib/python3.5/site-packages/librosa/core/audio.py:146: UserWarning: PySoundFile failed. Trying audioread instead.
  warnings.warn('PySoundFile failed. Trying audioread instead.')
/home/chenna/.local/lib/python3.5/site-packages/matplotlib/axes/_base.py:2575: UserWarning: aspect is not supported for Axes with xscale=linear, yscale=log
  self.apply_aspect()
/home/chenna/.local/lib/python3.5/site-packages/matplotlib/image.py:857: UserWarning: Attempted to set non-positive top ylim on a log-scaled axis.
Invalid limit will be ignored.
  self.axes.set_ylim((ymin, ymax), auto=None)
/home/chenna/.local/lib/python3.5/site-packages/librosa/core/audio.py:146: UserWarning: PySoundFile failed. Trying audioread instead.
  warnings.warn('PySoundFile failed. Trying audioread instead.')
/home/chenna/.local/lib/python3.5/site-packages/matplotlib/image.py:857: UserWarning: Attempted to set non-positive top ylim on a log-scaled axis.
Invalid limit will be ignored.
  self.axes.set_ylim((ymin, ymax), auto=None)
/home/chenna/.local/lib/python3.5/site-packages/matplotlib/axes/_base.py:2575: UserWarning: aspect is not supported for Axes with xscale=linear, yscale=log
  self.apply_aspect()
/home/chenna/.local/lib/python3.5/site-packages/librosa/core/audio.py:146: UserWarning: PySoundFile failed. Trying audioread instead.
  warnings.warn('PySoundFile failed. Trying audioread instead.')
/home/chenna/.local/lib/python3.5/site-packages/matplotlib/image.py:857: UserWarning: Attempted to set non-positive top ylim on a log-scaled axis.
Invalid limit will be ignored.
  self.axes.set_ylim((ymin, ymax), auto=None)
/home/chenna/.local/lib/python3.5/site-packages/matplotlib/axes/_base.py:2575: UserWarning: aspect is not supported for Axes with xscale=linear, yscale=log
  self.apply_aspect()
/home/chenna/.local/lib/python3.5/site-packages/librosa/core/audio.py:146: UserWarning: PySoundFile failed. Trying audioread instead.
  warnings.warn('PySoundFile failed. Trying audioread instead.')
/home/chenna/.local/lib/python3.5/site-packages/matplotlib/image.py:857: UserWarning: Attempted to set non-positive top ylim on a log-scaled axis.
Invalid limit will be ignored.
  self.axes.set_ylim((ymin, ymax), auto=None)
/home/chenna/.local/lib/python3.5/site-packages/matplotlib/axes/_base.py:2575: UserWarning: aspect is not supported for Axes with xscale=linear, yscale=log
  self.apply_aspect()
/home/chenna/.local/lib/python3.5/site-packages/librosa/core/audio.py:146: UserWarning: PySoundFile failed. Trying audioread instead.
  warnings.warn('PySoundFile failed. Trying audioread instead.')
/home/chenna/.local/lib/python3.5/site-packages/matplotlib/image.py:857: UserWarning: Attempted to set non-positive top ylim on a log-scaled axis.
Invalid limit will be ignored.
  self.axes.set_ylim((ymin, ymax), auto=None)
/home/chenna/.local/lib/python3.5/site-packages/matplotlib/axes/_base.py:2575: UserWarning: aspect is not supported for Axes with xscale=linear, yscale=log
  self.apply_aspect()

Finished 54/131 files
Finished 55/131 files
Finished 56/131 files
Finished 57/131 files
Finished 58/131 files
Finished 59/131 files
Finished 60/131 files
Finished 61/131 files
Finished 62/131 files
Finished 63/131 files
Finished 64/131 files
Finished 65/131 files
Finished 66/131 files
Finished 67/131 files
Finished 68/131 files
Finished 69/131 files
Finished 70/131 files
Finished 71/131 files
Finished 72/131 files
Finished 73/131 files
Finished 74/131 files
Finished 75/131 files
Finished 76/131 files
Finished 77/131 files
Finished 78/131 files
Finished 79/131 files
Finished 80/131 files
Finished 81/131 files
Finished 82/131 files
Finished 83/131 files
Finished 84/131 files
Finished 85/131 files
Finished 86/131 files
Finished 87/131 files
Finished 88/131 files
Finished 89/131 files
Finished 90/131 files
Finished 91/131 files
Finished 92/131 files
Finished 93/131 files
Finished 94/131 files
Finished 95/131 files
Finished 96/131 files
Finished 97/131 files
Finished 98/131 files
Finished 99/131 files
Finished 100/131 files
Finished 101/131 files
Finished 102/131 files
Finished 103/131 files
Finished 104/131 files
Finished 105/131 files
Finished 106/131 files
Finished 107/131 files
Finished 108/131 files
Finished 109/131 files
Finished 110/131 files
Finished 111/131 files
Finished 112/131 files
Finished 113/131 files
Finished 114/131 files
Finished 115/131 files
Finished 116/131 files
Finished 117/131 files
Finished 118/131 files
Finished 119/131 files
Finished 120/131 files
Finished 121/131 files
Finished 122/131 files
Finished 123/131 files
Finished 124/131 files
Finished 125/131 files
Finished 126/131 files
Finished 127/131 files
Finished 128/131 files
Finished 129/131 files
Finished 130/131 files
==================================================
completed 02 - Nannu paalimpa - Mohanam.mp3
==================================================
